<?xml version="1.0" encoding="UTF-8"?>
<testsuite xmlns:xsi="http://www.w3.org/2001/XMLSchema-instance" xsi:noNamespaceSchemaLocation="https://maven.apache.org/surefire/maven-surefire-plugin/xsd/surefire-test-report-3.0.xsd" version="3.0" name="ca.bc.gov.backendstartapi.endpoint.SeedlotEndpointTest" time="1.426" tests="29" errors="0" skipped="0" failures="0">
  <properties>
    <property name="java.specification.version" value="17"/>
    <property name="sun.jnu.encoding" value="UTF-8"/>
    <property name="java.class.path" value="/app/target/test-classes:/app/target/classes:/root/.m2/repository/org/springframework/boot/spring-boot-starter-web/3.2.4/spring-boot-starter-web-3.2.4.jar:/root/.m2/repository/org/springframework/boot/spring-boot-starter/3.2.4/spring-boot-starter-3.2.4.jar:/root/.m2/repository/org/springframework/boot/spring-boot-starter-logging/3.2.4/spring-boot-starter-logging-3.2.4.jar:/root/.m2/repository/ch/qos/logback/logback-classic/1.4.14/logback-classic-1.4.14.jar:/root/.m2/repository/ch/qos/logback/logback-core/1.4.14/logback-core-1.4.14.jar:/root/.m2/repository/org/apache/logging/log4j/log4j-to-slf4j/2.21.1/log4j-to-slf4j-2.21.1.jar:/root/.m2/repository/org/slf4j/jul-to-slf4j/2.0.12/jul-to-slf4j-2.0.12.jar:/root/.m2/repository/jakarta/annotation/jakarta.annotation-api/2.1.1/jakarta.annotation-api-2.1.1.jar:/root/.m2/repository/org/springframework/boot/spring-boot-starter-json/3.2.4/spring-boot-starter-json-3.2.4.jar:/root/.m2/repository/com/fasterxml/jackson/datatype/jackson-datatype-jdk8/2.15.4/jackson-datatype-jdk8-2.15.4.jar:/root/.m2/repository/com/fasterxml/jackson/datatype/jackson-datatype-jsr310/2.15.4/jackson-datatype-jsr310-2.15.4.jar:/root/.m2/repository/org/springframework/boot/spring-boot-starter-tomcat/3.2.4/spring-boot-starter-tomcat-3.2.4.jar:/root/.m2/repository/org/apache/tomcat/embed/tomcat-embed-core/10.1.19/tomcat-embed-core-10.1.19.jar:/root/.m2/repository/org/apache/tomcat/embed/tomcat-embed-websocket/10.1.19/tomcat-embed-websocket-10.1.19.jar:/root/.m2/repository/org/springframework/spring-web/6.1.5/spring-web-6.1.5.jar:/root/.m2/repository/org/springframework/spring-beans/6.1.5/spring-beans-6.1.5.jar:/root/.m2/repository/org/springframework/spring-webmvc/6.1.5/spring-webmvc-6.1.5.jar:/root/.m2/repository/org/springframework/spring-aop/6.1.5/spring-aop-6.1.5.jar:/root/.m2/repository/org/springframework/spring-context/6.1.5/spring-context-6.1.5.jar:/root/.m2/repository/org/springframework/spring-expression/6.1.5/spring-expression-6.1.5.jar:/root/.m2/repository/org/springframework/boot/spring-boot-starter-validation/3.2.4/spring-boot-starter-validation-3.2.4.jar:/root/.m2/repository/org/apache/tomcat/embed/tomcat-embed-el/10.1.19/tomcat-embed-el-10.1.19.jar:/root/.m2/repository/org/hibernate/validator/hibernate-validator/8.0.1.Final/hibernate-validator-8.0.1.Final.jar:/root/.m2/repository/jakarta/validation/jakarta.validation-api/3.0.2/jakarta.validation-api-3.0.2.jar:/root/.m2/repository/org/jboss/logging/jboss-logging/3.5.3.Final/jboss-logging-3.5.3.Final.jar:/root/.m2/repository/com/fasterxml/classmate/1.6.0/classmate-1.6.0.jar:/root/.m2/repository/org/projectlombok/lombok/1.18.32/lombok-1.18.32.jar:/root/.m2/repository/org/springframework/boot/spring-boot-devtools/3.2.4/spring-boot-devtools-3.2.4.jar:/root/.m2/repository/org/springframework/boot/spring-boot/3.2.4/spring-boot-3.2.4.jar:/root/.m2/repository/org/springframework/boot/spring-boot-autoconfigure/3.2.4/spring-boot-autoconfigure-3.2.4.jar:/root/.m2/repository/org/springframework/boot/spring-boot-starter-oauth2-client/3.2.4/spring-boot-starter-oauth2-client-3.2.4.jar:/root/.m2/repository/org/springframework/security/spring-security-config/6.2.3/spring-security-config-6.2.3.jar:/root/.m2/repository/org/springframework/security/spring-security-core/6.2.3/spring-security-core-6.2.3.jar:/root/.m2/repository/org/springframework/security/spring-security-crypto/6.2.3/spring-security-crypto-6.2.3.jar:/root/.m2/repository/org/springframework/security/spring-security-oauth2-client/6.2.3/spring-security-oauth2-client-6.2.3.jar:/root/.m2/repository/org/springframework/security/spring-security-oauth2-core/6.2.3/spring-security-oauth2-core-6.2.3.jar:/root/.m2/repository/com/nimbusds/oauth2-oidc-sdk/9.43.3/oauth2-oidc-sdk-9.43.3.jar:/root/.m2/repository/com/github/stephenc/jcip/jcip-annotations/1.0-1/jcip-annotations-1.0-1.jar:/root/.m2/repository/com/nimbusds/content-type/2.2/content-type-2.2.jar:/root/.m2/repository/com/nimbusds/lang-tag/1.7/lang-tag-1.7.jar:/root/.m2/repository/org/springframework/security/spring-security-oauth2-jose/6.2.3/spring-security-oauth2-jose-6.2.3.jar:/root/.m2/repository/com/nimbusds/nimbus-jose-jwt/9.37.3/nimbus-jose-jwt-9.37.3.jar:/root/.m2/repository/org/springframework/boot/spring-boot-starter-oauth2-resource-server/3.2.4/spring-boot-starter-oauth2-resource-server-3.2.4.jar:/root/.m2/repository/org/springframework/security/spring-security-oauth2-resource-server/6.2.3/spring-security-oauth2-resource-server-6.2.3.jar:/root/.m2/repository/org/springframework/boot/spring-boot-starter-actuator/3.2.4/spring-boot-starter-actuator-3.2.4.jar:/root/.m2/repository/org/springframework/boot/spring-boot-actuator-autoconfigure/3.2.4/spring-boot-actuator-autoconfigure-3.2.4.jar:/root/.m2/repository/org/springframework/boot/spring-boot-actuator/3.2.4/spring-boot-actuator-3.2.4.jar:/root/.m2/repository/io/micrometer/micrometer-observation/1.12.4/micrometer-observation-1.12.4.jar:/root/.m2/repository/io/micrometer/micrometer-commons/1.12.4/micrometer-commons-1.12.4.jar:/root/.m2/repository/io/micrometer/micrometer-jakarta9/1.12.4/micrometer-jakarta9-1.12.4.jar:/root/.m2/repository/io/micrometer/micrometer-core/1.12.4/micrometer-core-1.12.4.jar:/root/.m2/repository/org/hdrhistogram/HdrHistogram/2.1.12/HdrHistogram-2.1.12.jar:/root/.m2/repository/org/latencyutils/LatencyUtils/2.0.3/LatencyUtils-2.0.3.jar:/root/.m2/repository/org/springframework/boot/spring-boot-docker-compose/3.2.4/spring-boot-docker-compose-3.2.4.jar:/root/.m2/repository/com/fasterxml/jackson/core/jackson-databind/2.15.4/jackson-databind-2.15.4.jar:/root/.m2/repository/com/fasterxml/jackson/core/jackson-annotations/2.15.4/jackson-annotations-2.15.4.jar:/root/.m2/repository/com/fasterxml/jackson/core/jackson-core/2.15.4/jackson-core-2.15.4.jar:/root/.m2/repository/com/fasterxml/jackson/module/jackson-module-parameter-names/2.15.4/jackson-module-parameter-names-2.15.4.jar:/root/.m2/repository/org/springframework/boot/spring-boot-starter-data-jpa/3.2.4/spring-boot-starter-data-jpa-3.2.4.jar:/root/.m2/repository/org/springframework/boot/spring-boot-starter-aop/3.2.4/spring-boot-starter-aop-3.2.4.jar:/root/.m2/repository/org/aspectj/aspectjweaver/1.9.21/aspectjweaver-1.9.21.jar:/root/.m2/repository/org/springframework/boot/spring-boot-starter-jdbc/3.2.4/spring-boot-starter-jdbc-3.2.4.jar:/root/.m2/repository/com/zaxxer/HikariCP/5.0.1/HikariCP-5.0.1.jar:/root/.m2/repository/org/springframework/spring-jdbc/6.1.5/spring-jdbc-6.1.5.jar:/root/.m2/repository/org/hibernate/orm/hibernate-core/6.4.4.Final/hibernate-core-6.4.4.Final.jar:/root/.m2/repository/jakarta/persistence/jakarta.persistence-api/3.1.0/jakarta.persistence-api-3.1.0.jar:/root/.m2/repository/jakarta/transaction/jakarta.transaction-api/2.0.1/jakarta.transaction-api-2.0.1.jar:/root/.m2/repository/org/hibernate/common/hibernate-commons-annotations/6.0.6.Final/hibernate-commons-annotations-6.0.6.Final.jar:/root/.m2/repository/io/smallrye/jandex/3.1.2/jandex-3.1.2.jar:/root/.m2/repository/net/bytebuddy/byte-buddy/1.14.12/byte-buddy-1.14.12.jar:/root/.m2/repository/org/glassfish/jaxb/jaxb-runtime/4.0.5/jaxb-runtime-4.0.5.jar:/root/.m2/repository/org/glassfish/jaxb/jaxb-core/4.0.5/jaxb-core-4.0.5.jar:/root/.m2/repository/org/eclipse/angus/angus-activation/2.0.2/angus-activation-2.0.2.jar:/root/.m2/repository/org/glassfish/jaxb/txw2/4.0.5/txw2-4.0.5.jar:/root/.m2/repository/com/sun/istack/istack-commons-runtime/4.1.2/istack-commons-runtime-4.1.2.jar:/root/.m2/repository/jakarta/inject/jakarta.inject-api/2.0.1/jakarta.inject-api-2.0.1.jar:/root/.m2/repository/org/antlr/antlr4-runtime/4.13.0/antlr4-runtime-4.13.0.jar:/root/.m2/repository/org/springframework/data/spring-data-jpa/3.2.4/spring-data-jpa-3.2.4.jar:/root/.m2/repository/org/springframework/data/spring-data-commons/3.2.4/spring-data-commons-3.2.4.jar:/root/.m2/repository/org/springframework/spring-orm/6.1.5/spring-orm-6.1.5.jar:/root/.m2/repository/org/springframework/spring-tx/6.1.5/spring-tx-6.1.5.jar:/root/.m2/repository/org/slf4j/slf4j-api/2.0.12/slf4j-api-2.0.12.jar:/root/.m2/repository/org/springframework/spring-aspects/6.1.5/spring-aspects-6.1.5.jar:/root/.m2/repository/com/h2database/h2/2.2.224/h2-2.2.224.jar:/root/.m2/repository/org/postgresql/postgresql/42.6.2/postgresql-42.6.2.jar:/root/.m2/repository/org/checkerframework/checker-qual/3.31.0/checker-qual-3.31.0.jar:/root/.m2/repository/org/flywaydb/flyway-core/9.22.3/flyway-core-9.22.3.jar:/root/.m2/repository/com/fasterxml/jackson/dataformat/jackson-dataformat-toml/2.15.4/jackson-dataformat-toml-2.15.4.jar:/root/.m2/repository/com/google/code/gson/gson/2.10.1/gson-2.10.1.jar:/root/.m2/repository/org/apache/poi/poi-ooxml/5.2.5/poi-ooxml-5.2.5.jar:/root/.m2/repository/org/apache/poi/poi/5.2.5/poi-5.2.5.jar:/root/.m2/repository/commons-codec/commons-codec/1.16.1/commons-codec-1.16.1.jar:/root/.m2/repository/org/apache/commons/commons-math3/3.6.1/commons-math3-3.6.1.jar:/root/.m2/repository/com/zaxxer/SparseBitSet/1.3/SparseBitSet-1.3.jar:/root/.m2/repository/org/apache/poi/poi-ooxml-lite/5.2.5/poi-ooxml-lite-5.2.5.jar:/root/.m2/repository/org/apache/xmlbeans/xmlbeans/5.2.0/xmlbeans-5.2.0.jar:/root/.m2/repository/org/apache/commons/commons-compress/1.25.0/commons-compress-1.25.0.jar:/root/.m2/repository/commons-io/commons-io/2.15.0/commons-io-2.15.0.jar:/root/.m2/repository/com/github/virtuald/curvesapi/1.08/curvesapi-1.08.jar:/root/.m2/repository/org/apache/logging/log4j/log4j-api/2.21.1/log4j-api-2.21.1.jar:/root/.m2/repository/org/apache/commons/commons-collections4/4.4/commons-collections4-4.4.jar:/root/.m2/repository/org/springframework/boot/spring-boot-starter-test/3.2.4/spring-boot-starter-test-3.2.4.jar:/root/.m2/repository/org/springframework/boot/spring-boot-test/3.2.4/spring-boot-test-3.2.4.jar:/root/.m2/repository/org/springframework/boot/spring-boot-test-autoconfigure/3.2.4/spring-boot-test-autoconfigure-3.2.4.jar:/root/.m2/repository/com/jayway/jsonpath/json-path/2.9.0/json-path-2.9.0.jar:/root/.m2/repository/jakarta/xml/bind/jakarta.xml.bind-api/4.0.2/jakarta.xml.bind-api-4.0.2.jar:/root/.m2/repository/jakarta/activation/jakarta.activation-api/2.1.3/jakarta.activation-api-2.1.3.jar:/root/.m2/repository/net/minidev/json-smart/2.5.0/json-smart-2.5.0.jar:/root/.m2/repository/net/minidev/accessors-smart/2.5.0/accessors-smart-2.5.0.jar:/root/.m2/repository/org/ow2/asm/asm/9.3/asm-9.3.jar:/root/.m2/repository/org/assertj/assertj-core/3.24.2/assertj-core-3.24.2.jar:/root/.m2/repository/org/awaitility/awaitility/4.2.0/awaitility-4.2.0.jar:/root/.m2/repository/org/hamcrest/hamcrest/2.2/hamcrest-2.2.jar:/root/.m2/repository/org/junit/jupiter/junit-jupiter/5.10.2/junit-jupiter-5.10.2.jar:/root/.m2/repository/org/junit/jupiter/junit-jupiter-api/5.10.2/junit-jupiter-api-5.10.2.jar:/root/.m2/repository/org/opentest4j/opentest4j/1.3.0/opentest4j-1.3.0.jar:/root/.m2/repository/org/junit/platform/junit-platform-commons/1.10.2/junit-platform-commons-1.10.2.jar:/root/.m2/repository/org/apiguardian/apiguardian-api/1.1.2/apiguardian-api-1.1.2.jar:/root/.m2/repository/org/junit/jupiter/junit-jupiter-params/5.10.2/junit-jupiter-params-5.10.2.jar:/root/.m2/repository/org/junit/jupiter/junit-jupiter-engine/5.10.2/junit-jupiter-engine-5.10.2.jar:/root/.m2/repository/org/junit/platform/junit-platform-engine/1.10.2/junit-platform-engine-1.10.2.jar:/root/.m2/repository/org/mockito/mockito-core/5.7.0/mockito-core-5.7.0.jar:/root/.m2/repository/net/bytebuddy/byte-buddy-agent/1.14.12/byte-buddy-agent-1.14.12.jar:/root/.m2/repository/org/objenesis/objenesis/3.3/objenesis-3.3.jar:/root/.m2/repository/org/mockito/mockito-junit-jupiter/5.7.0/mockito-junit-jupiter-5.7.0.jar:/root/.m2/repository/org/skyscreamer/jsonassert/1.5.1/jsonassert-1.5.1.jar:/root/.m2/repository/com/vaadin/external/google/android-json/0.0.20131108.vaadin1/android-json-0.0.20131108.vaadin1.jar:/root/.m2/repository/org/springframework/spring-core/6.1.5/spring-core-6.1.5.jar:/root/.m2/repository/org/springframework/spring-jcl/6.1.5/spring-jcl-6.1.5.jar:/root/.m2/repository/org/springframework/spring-test/6.1.5/spring-test-6.1.5.jar:/root/.m2/repository/org/xmlunit/xmlunit-core/2.9.1/xmlunit-core-2.9.1.jar:/root/.m2/repository/org/springframework/security/spring-security-test/6.2.3/spring-security-test-6.2.3.jar:/root/.m2/repository/org/springframework/security/spring-security-web/6.2.3/spring-security-web-6.2.3.jar:/root/.m2/repository/org/springdoc/springdoc-openapi-starter-webmvc-ui/2.5.0/springdoc-openapi-starter-webmvc-ui-2.5.0.jar:/root/.m2/repository/org/springdoc/springdoc-openapi-starter-webmvc-api/2.5.0/springdoc-openapi-starter-webmvc-api-2.5.0.jar:/root/.m2/repository/org/springdoc/springdoc-openapi-starter-common/2.5.0/springdoc-openapi-starter-common-2.5.0.jar:/root/.m2/repository/io/swagger/core/v3/swagger-core-jakarta/2.2.21/swagger-core-jakarta-2.2.21.jar:/root/.m2/repository/org/apache/commons/commons-lang3/3.13.0/commons-lang3-3.13.0.jar:/root/.m2/repository/io/swagger/core/v3/swagger-annotations-jakarta/2.2.21/swagger-annotations-jakarta-2.2.21.jar:/root/.m2/repository/io/swagger/core/v3/swagger-models-jakarta/2.2.21/swagger-models-jakarta-2.2.21.jar:/root/.m2/repository/org/yaml/snakeyaml/2.2/snakeyaml-2.2.jar:/root/.m2/repository/com/fasterxml/jackson/dataformat/jackson-dataformat-yaml/2.15.4/jackson-dataformat-yaml-2.15.4.jar:/root/.m2/repository/org/webjars/swagger-ui/5.13.0/swagger-ui-5.13.0.jar:"/>
    <property name="java.vm.vendor" value="Eclipse Adoptium"/>
    <property name="sun.arch.data.model" value="64"/>
    <property name="java.vendor.url" value="https://adoptium.net/"/>
    <property name="user.timezone" value="Etc/UTC"/>
    <property name="org.jboss.logging.provider" value="slf4j"/>
    <property name="os.name" value="Linux"/>
    <property name="java.vm.specification.version" value="17"/>
    <property name="sun.java.launcher" value="SUN_STANDARD"/>
    <property name="user.country" value="US"/>
    <property name="sun.boot.library.path" value="/opt/java/openjdk/lib"/>
    <property name="sun.java.command" value="/app/target/surefire/surefirebooter-20240410201530102_3.jar /app/target/surefire 2024-04-10T20-15-30_014-jvmRun1 surefire-20240410201530102_1tmp surefire_0-20240410201530102_2tmp"/>
    <property name="jdk.debug" value="release"/>
    <property name="surefire.test.class.path" value="/app/target/test-classes:/app/target/classes:/root/.m2/repository/org/springframework/boot/spring-boot-starter-web/3.2.4/spring-boot-starter-web-3.2.4.jar:/root/.m2/repository/org/springframework/boot/spring-boot-starter/3.2.4/spring-boot-starter-3.2.4.jar:/root/.m2/repository/org/springframework/boot/spring-boot-starter-logging/3.2.4/spring-boot-starter-logging-3.2.4.jar:/root/.m2/repository/ch/qos/logback/logback-classic/1.4.14/logback-classic-1.4.14.jar:/root/.m2/repository/ch/qos/logback/logback-core/1.4.14/logback-core-1.4.14.jar:/root/.m2/repository/org/apache/logging/log4j/log4j-to-slf4j/2.21.1/log4j-to-slf4j-2.21.1.jar:/root/.m2/repository/org/slf4j/jul-to-slf4j/2.0.12/jul-to-slf4j-2.0.12.jar:/root/.m2/repository/jakarta/annotation/jakarta.annotation-api/2.1.1/jakarta.annotation-api-2.1.1.jar:/root/.m2/repository/org/springframework/boot/spring-boot-starter-json/3.2.4/spring-boot-starter-json-3.2.4.jar:/root/.m2/repository/com/fasterxml/jackson/datatype/jackson-datatype-jdk8/2.15.4/jackson-datatype-jdk8-2.15.4.jar:/root/.m2/repository/com/fasterxml/jackson/datatype/jackson-datatype-jsr310/2.15.4/jackson-datatype-jsr310-2.15.4.jar:/root/.m2/repository/org/springframework/boot/spring-boot-starter-tomcat/3.2.4/spring-boot-starter-tomcat-3.2.4.jar:/root/.m2/repository/org/apache/tomcat/embed/tomcat-embed-core/10.1.19/tomcat-embed-core-10.1.19.jar:/root/.m2/repository/org/apache/tomcat/embed/tomcat-embed-websocket/10.1.19/tomcat-embed-websocket-10.1.19.jar:/root/.m2/repository/org/springframework/spring-web/6.1.5/spring-web-6.1.5.jar:/root/.m2/repository/org/springframework/spring-beans/6.1.5/spring-beans-6.1.5.jar:/root/.m2/repository/org/springframework/spring-webmvc/6.1.5/spring-webmvc-6.1.5.jar:/root/.m2/repository/org/springframework/spring-aop/6.1.5/spring-aop-6.1.5.jar:/root/.m2/repository/org/springframework/spring-context/6.1.5/spring-context-6.1.5.jar:/root/.m2/repository/org/springframework/spring-expression/6.1.5/spring-expression-6.1.5.jar:/root/.m2/repository/org/springframework/boot/spring-boot-starter-validation/3.2.4/spring-boot-starter-validation-3.2.4.jar:/root/.m2/repository/org/apache/tomcat/embed/tomcat-embed-el/10.1.19/tomcat-embed-el-10.1.19.jar:/root/.m2/repository/org/hibernate/validator/hibernate-validator/8.0.1.Final/hibernate-validator-8.0.1.Final.jar:/root/.m2/repository/jakarta/validation/jakarta.validation-api/3.0.2/jakarta.validation-api-3.0.2.jar:/root/.m2/repository/org/jboss/logging/jboss-logging/3.5.3.Final/jboss-logging-3.5.3.Final.jar:/root/.m2/repository/com/fasterxml/classmate/1.6.0/classmate-1.6.0.jar:/root/.m2/repository/org/projectlombok/lombok/1.18.32/lombok-1.18.32.jar:/root/.m2/repository/org/springframework/boot/spring-boot-devtools/3.2.4/spring-boot-devtools-3.2.4.jar:/root/.m2/repository/org/springframework/boot/spring-boot/3.2.4/spring-boot-3.2.4.jar:/root/.m2/repository/org/springframework/boot/spring-boot-autoconfigure/3.2.4/spring-boot-autoconfigure-3.2.4.jar:/root/.m2/repository/org/springframework/boot/spring-boot-starter-oauth2-client/3.2.4/spring-boot-starter-oauth2-client-3.2.4.jar:/root/.m2/repository/org/springframework/security/spring-security-config/6.2.3/spring-security-config-6.2.3.jar:/root/.m2/repository/org/springframework/security/spring-security-core/6.2.3/spring-security-core-6.2.3.jar:/root/.m2/repository/org/springframework/security/spring-security-crypto/6.2.3/spring-security-crypto-6.2.3.jar:/root/.m2/repository/org/springframework/security/spring-security-oauth2-client/6.2.3/spring-security-oauth2-client-6.2.3.jar:/root/.m2/repository/org/springframework/security/spring-security-oauth2-core/6.2.3/spring-security-oauth2-core-6.2.3.jar:/root/.m2/repository/com/nimbusds/oauth2-oidc-sdk/9.43.3/oauth2-oidc-sdk-9.43.3.jar:/root/.m2/repository/com/github/stephenc/jcip/jcip-annotations/1.0-1/jcip-annotations-1.0-1.jar:/root/.m2/repository/com/nimbusds/content-type/2.2/content-type-2.2.jar:/root/.m2/repository/com/nimbusds/lang-tag/1.7/lang-tag-1.7.jar:/root/.m2/repository/org/springframework/security/spring-security-oauth2-jose/6.2.3/spring-security-oauth2-jose-6.2.3.jar:/root/.m2/repository/com/nimbusds/nimbus-jose-jwt/9.37.3/nimbus-jose-jwt-9.37.3.jar:/root/.m2/repository/org/springframework/boot/spring-boot-starter-oauth2-resource-server/3.2.4/spring-boot-starter-oauth2-resource-server-3.2.4.jar:/root/.m2/repository/org/springframework/security/spring-security-oauth2-resource-server/6.2.3/spring-security-oauth2-resource-server-6.2.3.jar:/root/.m2/repository/org/springframework/boot/spring-boot-starter-actuator/3.2.4/spring-boot-starter-actuator-3.2.4.jar:/root/.m2/repository/org/springframework/boot/spring-boot-actuator-autoconfigure/3.2.4/spring-boot-actuator-autoconfigure-3.2.4.jar:/root/.m2/repository/org/springframework/boot/spring-boot-actuator/3.2.4/spring-boot-actuator-3.2.4.jar:/root/.m2/repository/io/micrometer/micrometer-observation/1.12.4/micrometer-observation-1.12.4.jar:/root/.m2/repository/io/micrometer/micrometer-commons/1.12.4/micrometer-commons-1.12.4.jar:/root/.m2/repository/io/micrometer/micrometer-jakarta9/1.12.4/micrometer-jakarta9-1.12.4.jar:/root/.m2/repository/io/micrometer/micrometer-core/1.12.4/micrometer-core-1.12.4.jar:/root/.m2/repository/org/hdrhistogram/HdrHistogram/2.1.12/HdrHistogram-2.1.12.jar:/root/.m2/repository/org/latencyutils/LatencyUtils/2.0.3/LatencyUtils-2.0.3.jar:/root/.m2/repository/org/springframework/boot/spring-boot-docker-compose/3.2.4/spring-boot-docker-compose-3.2.4.jar:/root/.m2/repository/com/fasterxml/jackson/core/jackson-databind/2.15.4/jackson-databind-2.15.4.jar:/root/.m2/repository/com/fasterxml/jackson/core/jackson-annotations/2.15.4/jackson-annotations-2.15.4.jar:/root/.m2/repository/com/fasterxml/jackson/core/jackson-core/2.15.4/jackson-core-2.15.4.jar:/root/.m2/repository/com/fasterxml/jackson/module/jackson-module-parameter-names/2.15.4/jackson-module-parameter-names-2.15.4.jar:/root/.m2/repository/org/springframework/boot/spring-boot-starter-data-jpa/3.2.4/spring-boot-starter-data-jpa-3.2.4.jar:/root/.m2/repository/org/springframework/boot/spring-boot-starter-aop/3.2.4/spring-boot-starter-aop-3.2.4.jar:/root/.m2/repository/org/aspectj/aspectjweaver/1.9.21/aspectjweaver-1.9.21.jar:/root/.m2/repository/org/springframework/boot/spring-boot-starter-jdbc/3.2.4/spring-boot-starter-jdbc-3.2.4.jar:/root/.m2/repository/com/zaxxer/HikariCP/5.0.1/HikariCP-5.0.1.jar:/root/.m2/repository/org/springframework/spring-jdbc/6.1.5/spring-jdbc-6.1.5.jar:/root/.m2/repository/org/hibernate/orm/hibernate-core/6.4.4.Final/hibernate-core-6.4.4.Final.jar:/root/.m2/repository/jakarta/persistence/jakarta.persistence-api/3.1.0/jakarta.persistence-api-3.1.0.jar:/root/.m2/repository/jakarta/transaction/jakarta.transaction-api/2.0.1/jakarta.transaction-api-2.0.1.jar:/root/.m2/repository/org/hibernate/common/hibernate-commons-annotations/6.0.6.Final/hibernate-commons-annotations-6.0.6.Final.jar:/root/.m2/repository/io/smallrye/jandex/3.1.2/jandex-3.1.2.jar:/root/.m2/repository/net/bytebuddy/byte-buddy/1.14.12/byte-buddy-1.14.12.jar:/root/.m2/repository/org/glassfish/jaxb/jaxb-runtime/4.0.5/jaxb-runtime-4.0.5.jar:/root/.m2/repository/org/glassfish/jaxb/jaxb-core/4.0.5/jaxb-core-4.0.5.jar:/root/.m2/repository/org/eclipse/angus/angus-activation/2.0.2/angus-activation-2.0.2.jar:/root/.m2/repository/org/glassfish/jaxb/txw2/4.0.5/txw2-4.0.5.jar:/root/.m2/repository/com/sun/istack/istack-commons-runtime/4.1.2/istack-commons-runtime-4.1.2.jar:/root/.m2/repository/jakarta/inject/jakarta.inject-api/2.0.1/jakarta.inject-api-2.0.1.jar:/root/.m2/repository/org/antlr/antlr4-runtime/4.13.0/antlr4-runtime-4.13.0.jar:/root/.m2/repository/org/springframework/data/spring-data-jpa/3.2.4/spring-data-jpa-3.2.4.jar:/root/.m2/repository/org/springframework/data/spring-data-commons/3.2.4/spring-data-commons-3.2.4.jar:/root/.m2/repository/org/springframework/spring-orm/6.1.5/spring-orm-6.1.5.jar:/root/.m2/repository/org/springframework/spring-tx/6.1.5/spring-tx-6.1.5.jar:/root/.m2/repository/org/slf4j/slf4j-api/2.0.12/slf4j-api-2.0.12.jar:/root/.m2/repository/org/springframework/spring-aspects/6.1.5/spring-aspects-6.1.5.jar:/root/.m2/repository/com/h2database/h2/2.2.224/h2-2.2.224.jar:/root/.m2/repository/org/postgresql/postgresql/42.6.2/postgresql-42.6.2.jar:/root/.m2/repository/org/checkerframework/checker-qual/3.31.0/checker-qual-3.31.0.jar:/root/.m2/repository/org/flywaydb/flyway-core/9.22.3/flyway-core-9.22.3.jar:/root/.m2/repository/com/fasterxml/jackson/dataformat/jackson-dataformat-toml/2.15.4/jackson-dataformat-toml-2.15.4.jar:/root/.m2/repository/com/google/code/gson/gson/2.10.1/gson-2.10.1.jar:/root/.m2/repository/org/apache/poi/poi-ooxml/5.2.5/poi-ooxml-5.2.5.jar:/root/.m2/repository/org/apache/poi/poi/5.2.5/poi-5.2.5.jar:/root/.m2/repository/commons-codec/commons-codec/1.16.1/commons-codec-1.16.1.jar:/root/.m2/repository/org/apache/commons/commons-math3/3.6.1/commons-math3-3.6.1.jar:/root/.m2/repository/com/zaxxer/SparseBitSet/1.3/SparseBitSet-1.3.jar:/root/.m2/repository/org/apache/poi/poi-ooxml-lite/5.2.5/poi-ooxml-lite-5.2.5.jar:/root/.m2/repository/org/apache/xmlbeans/xmlbeans/5.2.0/xmlbeans-5.2.0.jar:/root/.m2/repository/org/apache/commons/commons-compress/1.25.0/commons-compress-1.25.0.jar:/root/.m2/repository/commons-io/commons-io/2.15.0/commons-io-2.15.0.jar:/root/.m2/repository/com/github/virtuald/curvesapi/1.08/curvesapi-1.08.jar:/root/.m2/repository/org/apache/logging/log4j/log4j-api/2.21.1/log4j-api-2.21.1.jar:/root/.m2/repository/org/apache/commons/commons-collections4/4.4/commons-collections4-4.4.jar:/root/.m2/repository/org/springframework/boot/spring-boot-starter-test/3.2.4/spring-boot-starter-test-3.2.4.jar:/root/.m2/repository/org/springframework/boot/spring-boot-test/3.2.4/spring-boot-test-3.2.4.jar:/root/.m2/repository/org/springframework/boot/spring-boot-test-autoconfigure/3.2.4/spring-boot-test-autoconfigure-3.2.4.jar:/root/.m2/repository/com/jayway/jsonpath/json-path/2.9.0/json-path-2.9.0.jar:/root/.m2/repository/jakarta/xml/bind/jakarta.xml.bind-api/4.0.2/jakarta.xml.bind-api-4.0.2.jar:/root/.m2/repository/jakarta/activation/jakarta.activation-api/2.1.3/jakarta.activation-api-2.1.3.jar:/root/.m2/repository/net/minidev/json-smart/2.5.0/json-smart-2.5.0.jar:/root/.m2/repository/net/minidev/accessors-smart/2.5.0/accessors-smart-2.5.0.jar:/root/.m2/repository/org/ow2/asm/asm/9.3/asm-9.3.jar:/root/.m2/repository/org/assertj/assertj-core/3.24.2/assertj-core-3.24.2.jar:/root/.m2/repository/org/awaitility/awaitility/4.2.0/awaitility-4.2.0.jar:/root/.m2/repository/org/hamcrest/hamcrest/2.2/hamcrest-2.2.jar:/root/.m2/repository/org/junit/jupiter/junit-jupiter/5.10.2/junit-jupiter-5.10.2.jar:/root/.m2/repository/org/junit/jupiter/junit-jupiter-api/5.10.2/junit-jupiter-api-5.10.2.jar:/root/.m2/repository/org/opentest4j/opentest4j/1.3.0/opentest4j-1.3.0.jar:/root/.m2/repository/org/junit/platform/junit-platform-commons/1.10.2/junit-platform-commons-1.10.2.jar:/root/.m2/repository/org/apiguardian/apiguardian-api/1.1.2/apiguardian-api-1.1.2.jar:/root/.m2/repository/org/junit/jupiter/junit-jupiter-params/5.10.2/junit-jupiter-params-5.10.2.jar:/root/.m2/repository/org/junit/jupiter/junit-jupiter-engine/5.10.2/junit-jupiter-engine-5.10.2.jar:/root/.m2/repository/org/junit/platform/junit-platform-engine/1.10.2/junit-platform-engine-1.10.2.jar:/root/.m2/repository/org/mockito/mockito-core/5.7.0/mockito-core-5.7.0.jar:/root/.m2/repository/net/bytebuddy/byte-buddy-agent/1.14.12/byte-buddy-agent-1.14.12.jar:/root/.m2/repository/org/objenesis/objenesis/3.3/objenesis-3.3.jar:/root/.m2/repository/org/mockito/mockito-junit-jupiter/5.7.0/mockito-junit-jupiter-5.7.0.jar:/root/.m2/repository/org/skyscreamer/jsonassert/1.5.1/jsonassert-1.5.1.jar:/root/.m2/repository/com/vaadin/external/google/android-json/0.0.20131108.vaadin1/android-json-0.0.20131108.vaadin1.jar:/root/.m2/repository/org/springframework/spring-core/6.1.5/spring-core-6.1.5.jar:/root/.m2/repository/org/springframework/spring-jcl/6.1.5/spring-jcl-6.1.5.jar:/root/.m2/repository/org/springframework/spring-test/6.1.5/spring-test-6.1.5.jar:/root/.m2/repository/org/xmlunit/xmlunit-core/2.9.1/xmlunit-core-2.9.1.jar:/root/.m2/repository/org/springframework/security/spring-security-test/6.2.3/spring-security-test-6.2.3.jar:/root/.m2/repository/org/springframework/security/spring-security-web/6.2.3/spring-security-web-6.2.3.jar:/root/.m2/repository/org/springdoc/springdoc-openapi-starter-webmvc-ui/2.5.0/springdoc-openapi-starter-webmvc-ui-2.5.0.jar:/root/.m2/repository/org/springdoc/springdoc-openapi-starter-webmvc-api/2.5.0/springdoc-openapi-starter-webmvc-api-2.5.0.jar:/root/.m2/repository/org/springdoc/springdoc-openapi-starter-common/2.5.0/springdoc-openapi-starter-common-2.5.0.jar:/root/.m2/repository/io/swagger/core/v3/swagger-core-jakarta/2.2.21/swagger-core-jakarta-2.2.21.jar:/root/.m2/repository/org/apache/commons/commons-lang3/3.13.0/commons-lang3-3.13.0.jar:/root/.m2/repository/io/swagger/core/v3/swagger-annotations-jakarta/2.2.21/swagger-annotations-jakarta-2.2.21.jar:/root/.m2/repository/io/swagger/core/v3/swagger-models-jakarta/2.2.21/swagger-models-jakarta-2.2.21.jar:/root/.m2/repository/org/yaml/snakeyaml/2.2/snakeyaml-2.2.jar:/root/.m2/repository/com/fasterxml/jackson/dataformat/jackson-dataformat-yaml/2.15.4/jackson-dataformat-yaml-2.15.4.jar:/root/.m2/repository/org/webjars/swagger-ui/5.13.0/swagger-ui-5.13.0.jar:"/>
    <property name="sun.cpu.endian" value="little"/>
    <property name="user.home" value="/root"/>
    <property name="user.language" value="en"/>
    <property name="java.specification.vendor" value="Oracle Corporation"/>
    <property name="java.version.date" value="2024-01-16"/>
    <property name="java.home" value="/opt/java/openjdk"/>
    <property name="file.separator" value="/"/>
    <property name="basedir" value="/app"/>
    <property name="java.vm.compressedOopsMode" value="32-bit"/>
    <property name="line.separator" value="&#10;"/>
    <property name="java.vm.specification.vendor" value="Oracle Corporation"/>
    <property name="java.specification.name" value="Java Platform API Specification"/>
    <property name="FILE_LOG_CHARSET" value="UTF-8"/>
    <property name="java.awt.headless" value="true"/>
    <property name="surefire.real.class.path" value="/app/target/surefire/surefirebooter-20240410201530102_3.jar"/>
    <property name="sun.management.compiler" value="HotSpot 64-Bit Tiered Compilers"/>
    <property name="java.runtime.version" value="17.0.10+7"/>
    <property name="user.name" value="root"/>
    <property name="path.separator" value=":"/>
    <property name="os.version" value="6.8.4-200.fc39.x86_64"/>
    <property name="java.runtime.name" value="OpenJDK Runtime Environment"/>
    <property name="file.encoding" value="UTF-8"/>
    <property name="java.vm.name" value="OpenJDK 64-Bit Server VM"/>
    <property name="java.vendor.version" value="Temurin-17.0.10+7"/>
    <property name="localRepository" value="/root/.m2/repository"/>
    <property name="java.vendor.url.bug" value="https://github.com/adoptium/adoptium-support/issues"/>
    <property name="java.io.tmpdir" value="/tmp"/>
    <property name="java.version" value="17.0.10"/>
    <property name="user.dir" value="/app"/>
    <property name="os.arch" value="amd64"/>
    <property name="java.vm.specification.name" value="Java Virtual Machine Specification"/>
    <property name="PID" value="2431"/>
    <property name="CONSOLE_LOG_CHARSET" value="UTF-8"/>
    <property name="native.encoding" value="UTF-8"/>
    <property name="java.library.path" value="/usr/java/packages/lib:/usr/lib64:/lib64:/lib:/usr/lib"/>
    <property name="java.vm.info" value="mixed mode, sharing"/>
    <property name="java.vendor" value="Eclipse Adoptium"/>
    <property name="java.vm.version" value="17.0.10+7"/>
    <property name="sun.io.unicode.encoding" value="UnicodeLittle"/>
    <property name="java.class.version" value="61.0"/>
    <property name="LOGGED_APPLICATION_NAME" value="[nr-fsa-service-api-4139] "/>
  </properties>
  <testcase name="getSingleSeedlotInfoTest" classname="ca.bc.gov.backendstartapi.endpoint.SeedlotEndpointTest" time="0.084">
    <system-out><![CDATA[2024-04-10 20:15:38.654 &amp#27;[34mINFO &amp#27;[0;39m [&amp#27;[34mmain&amp#27;[0;39m] &amp#27;[33morg.springframework.test.context.support.AnnotationConfigContextLoaderUtils&amp#27;[0;39m: Could not detect default configuration classes for test class [ca.bc.gov.backendstartapi.endpoint.SeedlotEndpointTest]: SeedlotEndpointTest does not declare any static, non-private, non-final, nested classes annotated with @Configuration.
2024-04-10 20:15:38.665 &amp#27;[34mINFO &amp#27;[0;39m [&amp#27;[34mmain&amp#27;[0;39m] &amp#27;[33morg.springframework.boot.test.context.SpringBootTestContextBootstrapper&amp#27;[0;39m: Found @SpringBootConfiguration ca.bc.gov.backendstartapi.BackendStartApiApplication for test class ca.bc.gov.backendstartapi.endpoint.SeedlotEndpointTest
2024-04-10 20:15:38.676 &amp#27;[34mINFO &amp#27;[0;39m [&amp#27;[34mmain&amp#27;[0;39m] &amp#27;[33morg.springframework.boot.devtools.restart.RestartApplicationListener&amp#27;[0;39m: Restart disabled due to context in which it is running

  .   ____          _            __ _ _
 /\\ / ___'_ __ _ _(_)_ __  __ _ \ \ \ \
( ( )\___ | '_ | '_| | '_ \/ _` | \ \ \ \
 \\/  ___)| |_)| | | | | || (_| |  ) ) ) )
  '  |____| .__|_| |_|_| |_\__, | / / / /
 =========|_|==============|___/=/_/_/_/
 :: Spring Boot ::                (v3.2.4)

2024-04-10 20:15:38.697 &amp#27;[34mINFO &amp#27;[0;39m [&amp#27;[34mmain&amp#27;[0;39m] &amp#27;[33mca.bc.gov.backendstartapi.endpoint.SeedlotEndpointTest&amp#27;[0;39m: Starting SeedlotEndpointTest using Java 17.0.10 with PID 2431 (started by root in /app)
2024-04-10 20:15:38.697 &amp#27;[39mDEBUG&amp#27;[0;39m [&amp#27;[34mmain&amp#27;[0;39m] &amp#27;[33mca.bc.gov.backendstartapi.endpoint.SeedlotEndpointTest&amp#27;[0;39m: Running with Spring Boot v3.2.4, Spring v6.1.5
2024-04-10 20:15:38.697 &amp#27;[34mINFO &amp#27;[0;39m [&amp#27;[34mmain&amp#27;[0;39m] &amp#27;[33mca.bc.gov.backendstartapi.endpoint.SeedlotEndpointTest&amp#27;[0;39m: The following 1 profile is active: "dev"
2024-04-10 20:15:39.147 &amp#27;[34mINFO &amp#27;[0;39m [&amp#27;[34mmain&amp#27;[0;39m] &amp#27;[33mca.bc.gov.backendstartapi.config.CorsConfig&amp#27;[0;39m: allowedOrigins: [http://localhost:*]
2024-04-10 20:15:39.239 &amp#27;[34mINFO &amp#27;[0;39m [&amp#27;[34mmain&amp#27;[0;39m] &amp#27;[33morg.springframework.security.web.DefaultSecurityFilterChain&amp#27;[0;39m: Will secure any request with [org.springframework.security.web.session.DisableEncodeUrlFilter@241410c5, org.springframework.security.web.context.request.async.WebAsyncManagerIntegrationFilter@46f7c5c1, org.springframework.security.web.context.SecurityContextHolderFilter@398c2298, org.springframework.security.web.header.HeaderWriterFilter@45f854e9, org.springframework.web.filter.CorsFilter@6a82a388, org.springframework.security.web.csrf.CsrfFilter@668c8c55, org.springframework.security.web.authentication.logout.LogoutFilter@706b68e6, org.springframework.security.oauth2.server.resource.web.authentication.BearerTokenAuthenticationFilter@22e3d222, org.springframework.security.web.savedrequest.RequestCacheAwareFilter@3b60efd8, org.springframework.security.web.servletapi.SecurityContextHolderAwareRequestFilter@2ff35182, org.springframework.security.web.authentication.AnonymousAuthenticationFilter@564c0e38, org.springframework.security.web.access.ExceptionTranslationFilter@bf3fe88, org.springframework.security.web.access.intercept.AuthorizationFilter@964a7b0]
2024-04-10 20:15:39.250 &amp#27;[34mINFO &amp#27;[0;39m [&amp#27;[34mmain&amp#27;[0;39m] &amp#27;[33morg.springframework.boot.test.mock.web.SpringBootMockServletContext&amp#27;[0;39m: Initializing Spring TestDispatcherServlet ''
2024-04-10 20:15:39.250 &amp#27;[34mINFO &amp#27;[0;39m [&amp#27;[34mmain&amp#27;[0;39m] &amp#27;[33morg.springframework.test.web.servlet.TestDispatcherServlet&amp#27;[0;39m: Initializing Servlet ''
2024-04-10 20:15:39.251 &amp#27;[34mINFO &amp#27;[0;39m [&amp#27;[34mmain&amp#27;[0;39m] &amp#27;[33morg.springframework.test.web.servlet.TestDispatcherServlet&amp#27;[0;39m: Completed initialization in 1 ms
2024-04-10 20:15:39.261 &amp#27;[34mINFO &amp#27;[0;39m [&amp#27;[34mmain&amp#27;[0;39m] &amp#27;[33mca.bc.gov.backendstartapi.endpoint.SeedlotEndpointTest&amp#27;[0;39m: Started SeedlotEndpointTest in 0.586 seconds (process running for 9.096)
2024-04-10 20:15:39.277 &amp#27;[34mINFO &amp#27;[0;39m [&amp#27;[34mmain&amp#27;[0;39m] &amp#27;[33morg.springframework.boot.test.mock.web.SpringBootMockServletContext&amp#27;[0;39m: Initializing Spring TestDispatcherServlet ''
2024-04-10 20:15:39.277 &amp#27;[34mINFO &amp#27;[0;39m [&amp#27;[34mmain&amp#27;[0;39m] &amp#27;[33morg.springframework.test.web.servlet.TestDispatcherServlet&amp#27;[0;39m: Initializing Servlet ''
2024-04-10 20:15:39.278 &amp#27;[34mINFO &amp#27;[0;39m [&amp#27;[34mmain&amp#27;[0;39m] &amp#27;[33morg.springframework.test.web.servlet.TestDispatcherServlet&amp#27;[0;39m: Completed initialization in 1 ms
]]></system-out>
  </testcase>
  <testcase name="createSeedlotBadRequestTest" classname="ca.bc.gov.backendstartapi.endpoint.SeedlotEndpointTest" time="0.078">
    <system-out><![CDATA[2024-04-10 20:15:39.360 &amp#27;[34mINFO &amp#27;[0;39m [&amp#27;[34mmain&amp#27;[0;39m] &amp#27;[33morg.springframework.boot.test.mock.web.SpringBootMockServletContext&amp#27;[0;39m: Initializing Spring TestDispatcherServlet ''
2024-04-10 20:15:39.360 &amp#27;[34mINFO &amp#27;[0;39m [&amp#27;[34mmain&amp#27;[0;39m] &amp#27;[33morg.springframework.test.web.servlet.TestDispatcherServlet&amp#27;[0;39m: Initializing Servlet ''
2024-04-10 20:15:39.361 &amp#27;[34mINFO &amp#27;[0;39m [&amp#27;[34mmain&amp#27;[0;39m] &amp#27;[33morg.springframework.test.web.servlet.TestDispatcherServlet&amp#27;[0;39m: Completed initialization in 1 ms
2024-04-10 20:15:39.429 &amp#27;[31mWARN &amp#27;[0;39m [&amp#27;[34mmain&amp#27;[0;39m] &amp#27;[33morg.springframework.web.servlet.mvc.support.DefaultHandlerExceptionResolver&amp#27;[0;39m: Resolved [org.springframework.http.converter.HttpMessageNotReadableException: JSON parse error: Unrecognized token 'here': was expecting (JSON String, Number, Array, Object or token 'null', 'true' or 'false')]

MockHttpServletRequest:
      HTTP Method = POST
      Request URI = /api/seedlots
       Parameters = {}
          Headers = [Content-Type:"application/json", Accept:"application/json", Content-Length:"4", X-CSRF-TOKEN:"QRczdnT5t_29Sq_G1rueuMEsHmUM1Vu1UAwRG9_UqWSqWDkpeCNRR0HAgs6QLJz35paq2aUYM1w44GKYNT4pLerkkFKePg0R"]
             Body = <no character encoding set>
    Session Attrs = {}

Handler:
             Type = ca.bc.gov.backendstartapi.endpoint.SeedlotEndpoint
           Method = ca.bc.gov.backendstartapi.endpoint.SeedlotEndpoint#createSeedlot(SeedlotCreateDto)

Async:
    Async started = false
     Async result = null

Resolved Exception:
             Type = org.springframework.http.converter.HttpMessageNotReadableException

ModelAndView:
        View name = null
             View = null
            Model = null

FlashMap:
       Attributes = null

MockHttpServletResponse:
           Status = 400
    Error message = null
          Headers = [Vary:"Origin", "Access-Control-Request-Method", "Access-Control-Request-Headers"]
     Content type = null
             Body = 
    Forwarded URL = null
   Redirected URL = null
          Cookies = []
]]></system-out>
  </testcase>
  <testcase name="uploadConeAndPollenCountTableWrongExtension" classname="ca.bc.gov.backendstartapi.endpoint.SeedlotEndpointTest" time="0.019">
    <system-out><![CDATA[2024-04-10 20:15:39.439 &amp#27;[34mINFO &amp#27;[0;39m [&amp#27;[34mmain&amp#27;[0;39m] &amp#27;[33morg.springframework.boot.test.mock.web.SpringBootMockServletContext&amp#27;[0;39m: Initializing Spring TestDispatcherServlet ''
2024-04-10 20:15:39.439 &amp#27;[34mINFO &amp#27;[0;39m [&amp#27;[34mmain&amp#27;[0;39m] &amp#27;[33morg.springframework.test.web.servlet.TestDispatcherServlet&amp#27;[0;39m: Initializing Servlet ''
2024-04-10 20:15:39.440 &amp#27;[34mINFO &amp#27;[0;39m [&amp#27;[34mmain&amp#27;[0;39m] &amp#27;[33morg.springframework.test.web.servlet.TestDispatcherServlet&amp#27;[0;39m: Completed initialization in 1 ms
]]></system-out>
  </testcase>
  <testcase name="getSeedPlanZoneData_seedlotOrchardNotFound_shouldFail" classname="ca.bc.gov.backendstartapi.endpoint.SeedlotEndpointTest" time="0.007">
    <system-out><![CDATA[2024-04-10 20:15:39.460 &amp#27;[34mINFO &amp#27;[0;39m [&amp#27;[34mmain&amp#27;[0;39m] &amp#27;[33morg.springframework.boot.test.mock.web.SpringBootMockServletContext&amp#27;[0;39m: Initializing Spring TestDispatcherServlet ''
2024-04-10 20:15:39.460 &amp#27;[34mINFO &amp#27;[0;39m [&amp#27;[34mmain&amp#27;[0;39m] &amp#27;[33morg.springframework.test.web.servlet.TestDispatcherServlet&amp#27;[0;39m: Initializing Servlet ''
2024-04-10 20:15:39.461 &amp#27;[34mINFO &amp#27;[0;39m [&amp#27;[34mmain&amp#27;[0;39m] &amp#27;[33morg.springframework.test.web.servlet.TestDispatcherServlet&amp#27;[0;39m: Completed initialization in 0 ms
]]></system-out>
  </testcase>
  <testcase name="getSingleSeedlotInfoNotFoundNoPageTest" classname="ca.bc.gov.backendstartapi.endpoint.SeedlotEndpointTest" time="0.027">
    <system-out><![CDATA[2024-04-10 20:15:39.471 &amp#27;[34mINFO &amp#27;[0;39m [&amp#27;[34mmain&amp#27;[0;39m] &amp#27;[33morg.springframework.boot.test.mock.web.SpringBootMockServletContext&amp#27;[0;39m: Initializing Spring TestDispatcherServlet ''
2024-04-10 20:15:39.471 &amp#27;[34mINFO &amp#27;[0;39m [&amp#27;[34mmain&amp#27;[0;39m] &amp#27;[33morg.springframework.test.web.servlet.TestDispatcherServlet&amp#27;[0;39m: Initializing Servlet ''
2024-04-10 20:15:39.472 &amp#27;[34mINFO &amp#27;[0;39m [&amp#27;[34mmain&amp#27;[0;39m] &amp#27;[33morg.springframework.test.web.servlet.TestDispatcherServlet&amp#27;[0;39m: Completed initialization in 1 ms
]]></system-out>
  </testcase>
  <testcase name="getSingleSeedlotInfoNotFoundTest" classname="ca.bc.gov.backendstartapi.endpoint.SeedlotEndpointTest" time="0.015">
    <system-out><![CDATA[2024-04-10 20:15:39.500 &amp#27;[34mINFO &amp#27;[0;39m [&amp#27;[34mmain&amp#27;[0;39m] &amp#27;[33morg.springframework.boot.test.mock.web.SpringBootMockServletContext&amp#27;[0;39m: Initializing Spring TestDispatcherServlet ''
2024-04-10 20:15:39.500 &amp#27;[34mINFO &amp#27;[0;39m [&amp#27;[34mmain&amp#27;[0;39m] &amp#27;[33morg.springframework.test.web.servlet.TestDispatcherServlet&amp#27;[0;39m: Initializing Servlet ''
2024-04-10 20:15:39.502 &amp#27;[34mINFO &amp#27;[0;39m [&amp#27;[34mmain&amp#27;[0;39m] &amp#27;[33morg.springframework.test.web.servlet.TestDispatcherServlet&amp#27;[0;39m: Completed initialization in 2 ms

MockHttpServletRequest:
      HTTP Method = GET
      Request URI = /api/seedlots/0000000
       Parameters = {}
          Headers = [Accept:"application/json"]
             Body = <no character encoding set>
    Session Attrs = {}

Handler:
             Type = ca.bc.gov.backendstartapi.endpoint.SeedlotEndpoint
           Method = ca.bc.gov.backendstartapi.endpoint.SeedlotEndpoint#getSingleSeedlotInfo(String)

Async:
    Async started = false
     Async result = null

Resolved Exception:
             Type = ca.bc.gov.backendstartapi.exception.SeedlotNotFoundException

ModelAndView:
        View name = null
             View = null
            Model = null

FlashMap:
       Attributes = null

MockHttpServletResponse:
           Status = 404
    Error message = Seedlot doesn't exist
          Headers = [Vary:"Origin", "Access-Control-Request-Method", "Access-Control-Request-Headers"]
     Content type = null
             Body = 
    Forwarded URL = null
   Redirected URL = null
          Cookies = []
]]></system-out>
  </testcase>
  <testcase name="uploadSmpMixTable" classname="ca.bc.gov.backendstartapi.endpoint.SeedlotEndpointTest" time="0.026">
    <system-out><![CDATA[2024-04-10 20:15:39.517 &amp#27;[34mINFO &amp#27;[0;39m [&amp#27;[34mmain&amp#27;[0;39m] &amp#27;[33morg.springframework.boot.test.mock.web.SpringBootMockServletContext&amp#27;[0;39m: Initializing Spring TestDispatcherServlet ''
2024-04-10 20:15:39.518 &amp#27;[34mINFO &amp#27;[0;39m [&amp#27;[34mmain&amp#27;[0;39m] &amp#27;[33morg.springframework.test.web.servlet.TestDispatcherServlet&amp#27;[0;39m: Initializing Servlet ''
2024-04-10 20:15:39.519 &amp#27;[34mINFO &amp#27;[0;39m [&amp#27;[34mmain&amp#27;[0;39m] &amp#27;[33morg.springframework.test.web.servlet.TestDispatcherServlet&amp#27;[0;39m: Completed initialization in 1 ms
]]></system-out>
  </testcase>
  <testcase name="getUserSeedlotInfoTestChangePageNumber" classname="ca.bc.gov.backendstartapi.endpoint.SeedlotEndpointTest" time="0.018">
    <system-out><![CDATA[2024-04-10 20:15:39.546 &amp#27;[34mINFO &amp#27;[0;39m [&amp#27;[34mmain&amp#27;[0;39m] &amp#27;[33morg.springframework.boot.test.mock.web.SpringBootMockServletContext&amp#27;[0;39m: Initializing Spring TestDispatcherServlet ''
2024-04-10 20:15:39.546 &amp#27;[34mINFO &amp#27;[0;39m [&amp#27;[34mmain&amp#27;[0;39m] &amp#27;[33morg.springframework.test.web.servlet.TestDispatcherServlet&amp#27;[0;39m: Initializing Servlet ''
2024-04-10 20:15:39.548 &amp#27;[34mINFO &amp#27;[0;39m [&amp#27;[34mmain&amp#27;[0;39m] &amp#27;[33morg.springframework.test.web.servlet.TestDispatcherServlet&amp#27;[0;39m: Completed initialization in 2 ms
]]></system-out>
  </testcase>
  <testcase name="submitSeedlotForm_notFoundSeedlot_shouldThrowException" classname="ca.bc.gov.backendstartapi.endpoint.SeedlotEndpointTest" time="0.051">
    <system-out><![CDATA[2024-04-10 20:15:39.564 &amp#27;[34mINFO &amp#27;[0;39m [&amp#27;[34mmain&amp#27;[0;39m] &amp#27;[33morg.springframework.boot.test.mock.web.SpringBootMockServletContext&amp#27;[0;39m: Initializing Spring TestDispatcherServlet ''
2024-04-10 20:15:39.564 &amp#27;[34mINFO &amp#27;[0;39m [&amp#27;[34mmain&amp#27;[0;39m] &amp#27;[33morg.springframework.test.web.servlet.TestDispatcherServlet&amp#27;[0;39m: Initializing Servlet ''
2024-04-10 20:15:39.566 &amp#27;[34mINFO &amp#27;[0;39m [&amp#27;[34mmain&amp#27;[0;39m] &amp#27;[33morg.springframework.test.web.servlet.TestDispatcherServlet&amp#27;[0;39m: Completed initialization in 2 ms
]]></system-out>
  </testcase>
  <testcase name="getSeedlotFormProgress_shouldSucceed" classname="ca.bc.gov.backendstartapi.endpoint.SeedlotEndpointTest" time="0.009">
    <system-out><![CDATA[2024-04-10 20:15:39.617 &amp#27;[34mINFO &amp#27;[0;39m [&amp#27;[34mmain&amp#27;[0;39m] &amp#27;[33morg.springframework.boot.test.mock.web.SpringBootMockServletContext&amp#27;[0;39m: Initializing Spring TestDispatcherServlet ''
2024-04-10 20:15:39.617 &amp#27;[34mINFO &amp#27;[0;39m [&amp#27;[34mmain&amp#27;[0;39m] &amp#27;[33morg.springframework.test.web.servlet.TestDispatcherServlet&amp#27;[0;39m: Initializing Servlet ''
2024-04-10 20:15:39.618 &amp#27;[34mINFO &amp#27;[0;39m [&amp#27;[34mmain&amp#27;[0;39m] &amp#27;[33morg.springframework.test.web.servlet.TestDispatcherServlet&amp#27;[0;39m: Completed initialization in 1 ms
]]></system-out>
  </testcase>
  <testcase name="submitSeedlotForm_happyPath_shouldSucceed" classname="ca.bc.gov.backendstartapi.endpoint.SeedlotEndpointTest" time="0.017">
    <system-out><![CDATA[2024-04-10 20:15:39.630 &amp#27;[34mINFO &amp#27;[0;39m [&amp#27;[34mmain&amp#27;[0;39m] &amp#27;[33morg.springframework.boot.test.mock.web.SpringBootMockServletContext&amp#27;[0;39m: Initializing Spring TestDispatcherServlet ''
2024-04-10 20:15:39.630 &amp#27;[34mINFO &amp#27;[0;39m [&amp#27;[34mmain&amp#27;[0;39m] &amp#27;[33morg.springframework.test.web.servlet.TestDispatcherServlet&amp#27;[0;39m: Initializing Servlet ''
2024-04-10 20:15:39.632 &amp#27;[34mINFO &amp#27;[0;39m [&amp#27;[34mmain&amp#27;[0;39m] &amp#27;[33morg.springframework.test.web.servlet.TestDispatcherServlet&amp#27;[0;39m: Completed initialization in 1 ms
]]></system-out>
  </testcase>
  <testcase name="getSeedlotFormProgressStatus_notFound_shouldThrowException" classname="ca.bc.gov.backendstartapi.endpoint.SeedlotEndpointTest" time="0.01">
    <system-out><![CDATA[2024-04-10 20:15:39.650 &amp#27;[34mINFO &amp#27;[0;39m [&amp#27;[34mmain&amp#27;[0;39m] &amp#27;[33morg.springframework.boot.test.mock.web.SpringBootMockServletContext&amp#27;[0;39m: Initializing Spring TestDispatcherServlet ''
2024-04-10 20:15:39.650 &amp#27;[34mINFO &amp#27;[0;39m [&amp#27;[34mmain&amp#27;[0;39m] &amp#27;[33morg.springframework.test.web.servlet.TestDispatcherServlet&amp#27;[0;39m: Initializing Servlet ''
2024-04-10 20:15:39.651 &amp#27;[34mINFO &amp#27;[0;39m [&amp#27;[34mmain&amp#27;[0;39m] &amp#27;[33morg.springframework.test.web.servlet.TestDispatcherServlet&amp#27;[0;39m: Completed initialization in 1 ms
]]></system-out>
  </testcase>
  <testcase name="getSeedPlanZoneData_seedlotNotFound_shouldFail" classname="ca.bc.gov.backendstartapi.endpoint.SeedlotEndpointTest" time="0.007">
    <system-out><![CDATA[2024-04-10 20:15:39.661 &amp#27;[34mINFO &amp#27;[0;39m [&amp#27;[34mmain&amp#27;[0;39m] &amp#27;[33morg.springframework.boot.test.mock.web.SpringBootMockServletContext&amp#27;[0;39m: Initializing Spring TestDispatcherServlet ''
2024-04-10 20:15:39.661 &amp#27;[34mINFO &amp#27;[0;39m [&amp#27;[34mmain&amp#27;[0;39m] &amp#27;[33morg.springframework.test.web.servlet.TestDispatcherServlet&amp#27;[0;39m: Initializing Servlet ''
2024-04-10 20:15:39.662 &amp#27;[34mINFO &amp#27;[0;39m [&amp#27;[34mmain&amp#27;[0;39m] &amp#27;[33morg.springframework.test.web.servlet.TestDispatcherServlet&amp#27;[0;39m: Completed initialization in 0 ms
]]></system-out>
  </testcase>
  <testcase name="patchSeedlotApplicationBadIdTest" classname="ca.bc.gov.backendstartapi.endpoint.SeedlotEndpointTest" time="0.153">
    <system-out><![CDATA[2024-04-10 20:15:39.671 &amp#27;[34mINFO &amp#27;[0;39m [&amp#27;[34mmain&amp#27;[0;39m] &amp#27;[33morg.springframework.boot.test.mock.web.SpringBootMockServletContext&amp#27;[0;39m: Initializing Spring TestDispatcherServlet ''
2024-04-10 20:15:39.671 &amp#27;[34mINFO &amp#27;[0;39m [&amp#27;[34mmain&amp#27;[0;39m] &amp#27;[33morg.springframework.test.web.servlet.TestDispatcherServlet&amp#27;[0;39m: Initializing Servlet ''
2024-04-10 20:15:39.672 &amp#27;[34mINFO &amp#27;[0;39m [&amp#27;[34mmain&amp#27;[0;39m] &amp#27;[33morg.springframework.test.web.servlet.TestDispatcherServlet&amp#27;[0;39m: Completed initialization in 1 ms
]]></system-out>
  </testcase>
  <testcase name="uploadConeAndPollenCountTable" classname="ca.bc.gov.backendstartapi.endpoint.SeedlotEndpointTest" time="0.009">
    <system-out><![CDATA[2024-04-10 20:15:39.824 &amp#27;[34mINFO &amp#27;[0;39m [&amp#27;[34mmain&amp#27;[0;39m] &amp#27;[33morg.springframework.boot.test.mock.web.SpringBootMockServletContext&amp#27;[0;39m: Initializing Spring TestDispatcherServlet ''
2024-04-10 20:15:39.824 &amp#27;[34mINFO &amp#27;[0;39m [&amp#27;[34mmain&amp#27;[0;39m] &amp#27;[33morg.springframework.test.web.servlet.TestDispatcherServlet&amp#27;[0;39m: Initializing Servlet ''
2024-04-10 20:15:39.825 &amp#27;[34mINFO &amp#27;[0;39m [&amp#27;[34mmain&amp#27;[0;39m] &amp#27;[33morg.springframework.test.web.servlet.TestDispatcherServlet&amp#27;[0;39m: Completed initialization in 1 ms
]]></system-out>
  </testcase>
  <testcase name="badRequestForCsvTableParsingException" classname="ca.bc.gov.backendstartapi.endpoint.SeedlotEndpointTest" time="0.01">
    <system-out><![CDATA[2024-04-10 20:15:39.834 &amp#27;[34mINFO &amp#27;[0;39m [&amp#27;[34mmain&amp#27;[0;39m] &amp#27;[33morg.springframework.boot.test.mock.web.SpringBootMockServletContext&amp#27;[0;39m: Initializing Spring TestDispatcherServlet ''
2024-04-10 20:15:39.835 &amp#27;[34mINFO &amp#27;[0;39m [&amp#27;[34mmain&amp#27;[0;39m] &amp#27;[33morg.springframework.test.web.servlet.TestDispatcherServlet&amp#27;[0;39m: Initializing Servlet ''
2024-04-10 20:15:39.835 &amp#27;[34mINFO &amp#27;[0;39m [&amp#27;[34mmain&amp#27;[0;39m] &amp#27;[33morg.springframework.test.web.servlet.TestDispatcherServlet&amp#27;[0;39m: Completed initialization in 0 ms

MockHttpServletRequest:
      HTTP Method = POST
      Request URI = /api/seedlots/parent-trees-contribution/smp-calculation-table/upload
       Parameters = {}
          Headers = [Content-Type:"multipart/form-data", Accept:"application/json"]
             Body = <no character encoding set>
    Session Attrs = {}

Handler:
             Type = ca.bc.gov.backendstartapi.endpoint.SeedlotEndpoint
           Method = ca.bc.gov.backendstartapi.endpoint.SeedlotEndpoint#handleSmpCalculationTableUpload(MultipartFile)

Async:
    Async started = false
     Async result = null

Resolved Exception:
             Type = org.springframework.web.server.ResponseStatusException

ModelAndView:
        View name = null
             View = null
            Model = null

FlashMap:
       Attributes = null

MockHttpServletResponse:
           Status = 400
    Error message = reason
          Headers = [Vary:"Origin", "Access-Control-Request-Method", "Access-Control-Request-Headers"]
     Content type = null
             Body = 
    Forwarded URL = null
   Redirected URL = null
          Cookies = []
]]></system-out>
  </testcase>
  <testcase name="patchSeedlotApplicationSuccessTest" classname="ca.bc.gov.backendstartapi.endpoint.SeedlotEndpointTest" time="0.022">
    <system-out><![CDATA[2024-04-10 20:15:39.856 &amp#27;[34mINFO &amp#27;[0;39m [&amp#27;[34mmain&amp#27;[0;39m] &amp#27;[33morg.springframework.boot.test.mock.web.SpringBootMockServletContext&amp#27;[0;39m: Initializing Spring TestDispatcherServlet ''
2024-04-10 20:15:39.857 &amp#27;[34mINFO &amp#27;[0;39m [&amp#27;[34mmain&amp#27;[0;39m] &amp#27;[33morg.springframework.test.web.servlet.TestDispatcherServlet&amp#27;[0;39m: Initializing Servlet ''
2024-04-10 20:15:39.858 &amp#27;[34mINFO &amp#27;[0;39m [&amp#27;[34mmain&amp#27;[0;39m] &amp#27;[33morg.springframework.test.web.servlet.TestDispatcherServlet&amp#27;[0;39m: Completed initialization in 1 ms
]]></system-out>
  </testcase>
  <testcase name="getSeedPlanZoneData_success_shouldSucceed" classname="ca.bc.gov.backendstartapi.endpoint.SeedlotEndpointTest" time="0.013">
    <system-out><![CDATA[2024-04-10 20:15:39.873 &amp#27;[34mINFO &amp#27;[0;39m [&amp#27;[34mmain&amp#27;[0;39m] &amp#27;[33morg.springframework.boot.test.mock.web.SpringBootMockServletContext&amp#27;[0;39m: Initializing Spring TestDispatcherServlet ''
2024-04-10 20:15:39.873 &amp#27;[34mINFO &amp#27;[0;39m [&amp#27;[34mmain&amp#27;[0;39m] &amp#27;[33morg.springframework.test.web.servlet.TestDispatcherServlet&amp#27;[0;39m: Initializing Servlet ''
2024-04-10 20:15:39.874 &amp#27;[34mINFO &amp#27;[0;39m [&amp#27;[34mmain&amp#27;[0;39m] &amp#27;[33morg.springframework.test.web.servlet.TestDispatcherServlet&amp#27;[0;39m: Completed initialization in 1 ms
]]></system-out>
  </testcase>
  <testcase name="getSeedlotFormProgress_notFound_shouldThrowException" classname="ca.bc.gov.backendstartapi.endpoint.SeedlotEndpointTest" time="0.009">
    <system-out><![CDATA[2024-04-10 20:15:39.889 &amp#27;[34mINFO &amp#27;[0;39m [&amp#27;[34mmain&amp#27;[0;39m] &amp#27;[33morg.springframework.boot.test.mock.web.SpringBootMockServletContext&amp#27;[0;39m: Initializing Spring TestDispatcherServlet ''
2024-04-10 20:15:39.889 &amp#27;[34mINFO &amp#27;[0;39m [&amp#27;[34mmain&amp#27;[0;39m] &amp#27;[33morg.springframework.test.web.servlet.TestDispatcherServlet&amp#27;[0;39m: Initializing Servlet ''
2024-04-10 20:15:39.890 &amp#27;[34mINFO &amp#27;[0;39m [&amp#27;[34mmain&amp#27;[0;39m] &amp#27;[33morg.springframework.test.web.servlet.TestDispatcherServlet&amp#27;[0;39m: Completed initialization in 1 ms
]]></system-out>
  </testcase>
  <testcase name="saveSeedlotFormProgress_notFoundSeedlot_shouldSucceed" classname="ca.bc.gov.backendstartapi.endpoint.SeedlotEndpointTest" time="0.028">
    <system-out><![CDATA[2024-04-10 20:15:39.901 &amp#27;[34mINFO &amp#27;[0;39m [&amp#27;[34mmain&amp#27;[0;39m] &amp#27;[33morg.springframework.boot.test.mock.web.SpringBootMockServletContext&amp#27;[0;39m: Initializing Spring TestDispatcherServlet ''
2024-04-10 20:15:39.901 &amp#27;[34mINFO &amp#27;[0;39m [&amp#27;[34mmain&amp#27;[0;39m] &amp#27;[33morg.springframework.test.web.servlet.TestDispatcherServlet&amp#27;[0;39m: Initializing Servlet ''
2024-04-10 20:15:39.902 &amp#27;[34mINFO &amp#27;[0;39m [&amp#27;[34mmain&amp#27;[0;39m] &amp#27;[33morg.springframework.test.web.servlet.TestDispatcherServlet&amp#27;[0;39m: Completed initialization in 1 ms
]]></system-out>
  </testcase>
  <testcase name="getSeedlotFormProgressStatus_shouldSucceed" classname="ca.bc.gov.backendstartapi.endpoint.SeedlotEndpointTest" time="0.011">
    <system-out><![CDATA[2024-04-10 20:15:39.930 &amp#27;[34mINFO &amp#27;[0;39m [&amp#27;[34mmain&amp#27;[0;39m] &amp#27;[33morg.springframework.boot.test.mock.web.SpringBootMockServletContext&amp#27;[0;39m: Initializing Spring TestDispatcherServlet ''
2024-04-10 20:15:39.930 &amp#27;[34mINFO &amp#27;[0;39m [&amp#27;[34mmain&amp#27;[0;39m] &amp#27;[33morg.springframework.test.web.servlet.TestDispatcherServlet&amp#27;[0;39m: Initializing Servlet ''
2024-04-10 20:15:39.932 &amp#27;[34mINFO &amp#27;[0;39m [&amp#27;[34mmain&amp#27;[0;39m] &amp#27;[33morg.springframework.test.web.servlet.TestDispatcherServlet&amp#27;[0;39m: Completed initialization in 2 ms
]]></system-out>
  </testcase>
  <testcase name="patchSeedlotApplicationBadSourceTest" classname="ca.bc.gov.backendstartapi.endpoint.SeedlotEndpointTest" time="0.013">
    <system-out><![CDATA[2024-04-10 20:15:39.943 &amp#27;[34mINFO &amp#27;[0;39m [&amp#27;[34mmain&amp#27;[0;39m] &amp#27;[33morg.springframework.boot.test.mock.web.SpringBootMockServletContext&amp#27;[0;39m: Initializing Spring TestDispatcherServlet ''
2024-04-10 20:15:39.944 &amp#27;[34mINFO &amp#27;[0;39m [&amp#27;[34mmain&amp#27;[0;39m] &amp#27;[33morg.springframework.test.web.servlet.TestDispatcherServlet&amp#27;[0;39m: Initializing Servlet ''
2024-04-10 20:15:39.945 &amp#27;[34mINFO &amp#27;[0;39m [&amp#27;[34mmain&amp#27;[0;39m] &amp#27;[33morg.springframework.test.web.servlet.TestDispatcherServlet&amp#27;[0;39m: Completed initialization in 1 ms
]]></system-out>
  </testcase>
  <testcase name="saveSeedlotFormProgress_notFoundSeedlot_shouldThrowException" classname="ca.bc.gov.backendstartapi.endpoint.SeedlotEndpointTest" time="0.012">
    <system-out><![CDATA[2024-04-10 20:15:39.959 &amp#27;[34mINFO &amp#27;[0;39m [&amp#27;[34mmain&amp#27;[0;39m] &amp#27;[33morg.springframework.boot.test.mock.web.SpringBootMockServletContext&amp#27;[0;39m: Initializing Spring TestDispatcherServlet ''
2024-04-10 20:15:39.959 &amp#27;[34mINFO &amp#27;[0;39m [&amp#27;[34mmain&amp#27;[0;39m] &amp#27;[33morg.springframework.test.web.servlet.TestDispatcherServlet&amp#27;[0;39m: Initializing Servlet ''
2024-04-10 20:15:39.960 &amp#27;[34mINFO &amp#27;[0;39m [&amp#27;[34mmain&amp#27;[0;39m] &amp#27;[33morg.springframework.test.web.servlet.TestDispatcherServlet&amp#27;[0;39m: Completed initialization in 1 ms
]]></system-out>
  </testcase>
  <testcase name="uploadSmpMixTableWrongExtension" classname="ca.bc.gov.backendstartapi.endpoint.SeedlotEndpointTest" time="0.008">
    <system-out><![CDATA[2024-04-10 20:15:39.972 &amp#27;[34mINFO &amp#27;[0;39m [&amp#27;[34mmain&amp#27;[0;39m] &amp#27;[33morg.springframework.boot.test.mock.web.SpringBootMockServletContext&amp#27;[0;39m: Initializing Spring TestDispatcherServlet ''
2024-04-10 20:15:39.973 &amp#27;[34mINFO &amp#27;[0;39m [&amp#27;[34mmain&amp#27;[0;39m] &amp#27;[33morg.springframework.test.web.servlet.TestDispatcherServlet&amp#27;[0;39m: Initializing Servlet ''
2024-04-10 20:15:39.974 &amp#27;[34mINFO &amp#27;[0;39m [&amp#27;[34mmain&amp#27;[0;39m] &amp#27;[33morg.springframework.test.web.servlet.TestDispatcherServlet&amp#27;[0;39m: Completed initialization in 1 ms
]]></system-out>
  </testcase>
  <testcase name="getSingleSeedlotAclassFullInfoTest" classname="ca.bc.gov.backendstartapi.endpoint.SeedlotEndpointTest" time="0.026">
    <system-out><![CDATA[2024-04-10 20:15:39.984 &amp#27;[34mINFO &amp#27;[0;39m [&amp#27;[34mmain&amp#27;[0;39m] &amp#27;[33morg.springframework.boot.test.mock.web.SpringBootMockServletContext&amp#27;[0;39m: Initializing Spring TestDispatcherServlet ''
2024-04-10 20:15:39.984 &amp#27;[34mINFO &amp#27;[0;39m [&amp#27;[34mmain&amp#27;[0;39m] &amp#27;[33morg.springframework.test.web.servlet.TestDispatcherServlet&amp#27;[0;39m: Initializing Servlet ''
2024-04-10 20:15:39.985 &amp#27;[34mINFO &amp#27;[0;39m [&amp#27;[34mmain&amp#27;[0;39m] &amp#27;[33morg.springframework.test.web.servlet.TestDispatcherServlet&amp#27;[0;39m: Completed initialization in 1 ms
]]></system-out>
  </testcase>
  <testcase name="getUserSeedlotInfoTestDefaultPagination" classname="ca.bc.gov.backendstartapi.endpoint.SeedlotEndpointTest" time="0.011">
    <system-out><![CDATA[2024-04-10 20:15:40.010 &amp#27;[34mINFO &amp#27;[0;39m [&amp#27;[34mmain&amp#27;[0;39m] &amp#27;[33morg.springframework.boot.test.mock.web.SpringBootMockServletContext&amp#27;[0;39m: Initializing Spring TestDispatcherServlet ''
2024-04-10 20:15:40.011 &amp#27;[34mINFO &amp#27;[0;39m [&amp#27;[34mmain&amp#27;[0;39m] &amp#27;[33morg.springframework.test.web.servlet.TestDispatcherServlet&amp#27;[0;39m: Initializing Servlet ''
2024-04-10 20:15:40.012 &amp#27;[34mINFO &amp#27;[0;39m [&amp#27;[34mmain&amp#27;[0;39m] &amp#27;[33morg.springframework.test.web.servlet.TestDispatcherServlet&amp#27;[0;39m: Completed initialization in 1 ms
]]></system-out>
  </testcase>
  <testcase name="createSeedlotSuccessTest" classname="ca.bc.gov.backendstartapi.endpoint.SeedlotEndpointTest" time="0.025">
    <system-out><![CDATA[2024-04-10 20:15:40.024 &amp#27;[34mINFO &amp#27;[0;39m [&amp#27;[34mmain&amp#27;[0;39m] &amp#27;[33morg.springframework.boot.test.mock.web.SpringBootMockServletContext&amp#27;[0;39m: Initializing Spring TestDispatcherServlet ''
2024-04-10 20:15:40.024 &amp#27;[34mINFO &amp#27;[0;39m [&amp#27;[34mmain&amp#27;[0;39m] &amp#27;[33morg.springframework.test.web.servlet.TestDispatcherServlet&amp#27;[0;39m: Initializing Servlet ''
2024-04-10 20:15:40.025 &amp#27;[34mINFO &amp#27;[0;39m [&amp#27;[34mmain&amp#27;[0;39m] &amp#27;[33morg.springframework.test.web.servlet.TestDispatcherServlet&amp#27;[0;39m: Completed initialization in 1 ms
]]></system-out>
  </testcase>
  <testcase name="getSingleSeedlotAclassFullInfoNotFoundTest" classname="ca.bc.gov.backendstartapi.endpoint.SeedlotEndpointTest" time="0.012">
    <system-out><![CDATA[2024-04-10 20:15:40.053 &amp#27;[34mINFO &amp#27;[0;39m [&amp#27;[34mmain&amp#27;[0;39m] &amp#27;[33morg.springframework.boot.test.mock.web.SpringBootMockServletContext&amp#27;[0;39m: Initializing Spring TestDispatcherServlet ''
2024-04-10 20:15:40.053 &amp#27;[34mINFO &amp#27;[0;39m [&amp#27;[34mmain&amp#27;[0;39m] &amp#27;[33morg.springframework.test.web.servlet.TestDispatcherServlet&amp#27;[0;39m: Initializing Servlet ''
2024-04-10 20:15:40.055 &amp#27;[34mINFO &amp#27;[0;39m [&amp#27;[34mmain&amp#27;[0;39m] &amp#27;[33morg.springframework.test.web.servlet.TestDispatcherServlet&amp#27;[0;39m: Completed initialization in 1 ms

MockHttpServletRequest:
      HTTP Method = GET
      Request URI = /api/seedlots/0000000/a-class-full-form
       Parameters = {}
          Headers = [Accept:"application/json"]
             Body = <no character encoding set>
    Session Attrs = {}

Handler:
             Type = ca.bc.gov.backendstartapi.endpoint.SeedlotEndpoint
           Method = ca.bc.gov.backendstartapi.endpoint.SeedlotEndpoint#getFullSeedlotInfo(String)

Async:
    Async started = false
     Async result = null

Resolved Exception:
             Type = ca.bc.gov.backendstartapi.exception.SeedlotNotFoundException

ModelAndView:
        View name = null
             View = null
            Model = null

FlashMap:
       Attributes = null

MockHttpServletResponse:
           Status = 404
    Error message = Seedlot doesn't exist
          Headers = [Vary:"Origin", "Access-Control-Request-Method", "Access-Control-Request-Headers"]
     Content type = null
             Body = 
    Forwarded URL = null
   Redirected URL = null
          Cookies = []
]]></system-out>
  </testcase>
  <testcase name="getUserSeedlotInfoTestChangePageSize" classname="ca.bc.gov.backendstartapi.endpoint.SeedlotEndpointTest" time="0.013">
    <system-out><![CDATA[2024-04-10 20:15:40.068 &amp#27;[34mINFO &amp#27;[0;39m [&amp#27;[34mmain&amp#27;[0;39m] &amp#27;[33morg.springframework.boot.test.mock.web.SpringBootMockServletContext&amp#27;[0;39m: Initializing Spring TestDispatcherServlet ''
2024-04-10 20:15:40.068 &amp#27;[34mINFO &amp#27;[0;39m [&amp#27;[34mmain&amp#27;[0;39m] &amp#27;[33morg.springframework.test.web.servlet.TestDispatcherServlet&amp#27;[0;39m: Initializing Servlet ''
2024-04-10 20:15:40.069 &amp#27;[34mINFO &amp#27;[0;39m [&amp#27;[34mmain&amp#27;[0;39m] &amp#27;[33morg.springframework.test.web.servlet.TestDispatcherServlet&amp#27;[0;39m: Completed initialization in 1 ms
]]></system-out>
  </testcase>
</testsuite>