<?xml version="1.0" encoding="UTF-8"?>
<testsuite xmlns:xsi="http://www.w3.org/2001/XMLSchema-instance" xsi:noNamespaceSchemaLocation="https://maven.apache.org/surefire/maven-surefire-plugin/xsd/surefire-test-report-3.0.xsd" version="3.0" name="ca.bc.gov.backendstartapi.repository.seedlot.SmpMixRelationalTest" time="0.029" tests="1" errors="0" skipped="0" failures="0">
  <properties>
    <property name="java.specification.version" value="17"/>
    <property name="sun.jnu.encoding" value="UTF-8"/>
    <property name="java.class.path" value="/app/target/test-classes:/app/target/classes:/root/.m2/repository/org/springframework/boot/spring-boot-starter-web/3.2.4/spring-boot-starter-web-3.2.4.jar:/root/.m2/repository/org/springframework/boot/spring-boot-starter/3.2.4/spring-boot-starter-3.2.4.jar:/root/.m2/repository/org/springframework/boot/spring-boot-starter-logging/3.2.4/spring-boot-starter-logging-3.2.4.jar:/root/.m2/repository/ch/qos/logback/logback-classic/1.4.14/logback-classic-1.4.14.jar:/root/.m2/repository/ch/qos/logback/logback-core/1.4.14/logback-core-1.4.14.jar:/root/.m2/repository/org/apache/logging/log4j/log4j-to-slf4j/2.21.1/log4j-to-slf4j-2.21.1.jar:/root/.m2/repository/org/slf4j/jul-to-slf4j/2.0.12/jul-to-slf4j-2.0.12.jar:/root/.m2/repository/jakarta/annotation/jakarta.annotation-api/2.1.1/jakarta.annotation-api-2.1.1.jar:/root/.m2/repository/org/springframework/boot/spring-boot-starter-json/3.2.4/spring-boot-starter-json-3.2.4.jar:/root/.m2/repository/com/fasterxml/jackson/datatype/jackson-datatype-jdk8/2.15.4/jackson-datatype-jdk8-2.15.4.jar:/root/.m2/repository/com/fasterxml/jackson/datatype/jackson-datatype-jsr310/2.15.4/jackson-datatype-jsr310-2.15.4.jar:/root/.m2/repository/org/springframework/boot/spring-boot-starter-tomcat/3.2.4/spring-boot-starter-tomcat-3.2.4.jar:/root/.m2/repository/org/apache/tomcat/embed/tomcat-embed-core/10.1.19/tomcat-embed-core-10.1.19.jar:/root/.m2/repository/org/apache/tomcat/embed/tomcat-embed-websocket/10.1.19/tomcat-embed-websocket-10.1.19.jar:/root/.m2/repository/org/springframework/spring-web/6.1.5/spring-web-6.1.5.jar:/root/.m2/repository/org/springframework/spring-beans/6.1.5/spring-beans-6.1.5.jar:/root/.m2/repository/org/springframework/spring-webmvc/6.1.5/spring-webmvc-6.1.5.jar:/root/.m2/repository/org/springframework/spring-aop/6.1.5/spring-aop-6.1.5.jar:/root/.m2/repository/org/springframework/spring-context/6.1.5/spring-context-6.1.5.jar:/root/.m2/repository/org/springframework/spring-expression/6.1.5/spring-expression-6.1.5.jar:/root/.m2/repository/org/springframework/boot/spring-boot-starter-validation/3.2.4/spring-boot-starter-validation-3.2.4.jar:/root/.m2/repository/org/apache/tomcat/embed/tomcat-embed-el/10.1.19/tomcat-embed-el-10.1.19.jar:/root/.m2/repository/org/hibernate/validator/hibernate-validator/8.0.1.Final/hibernate-validator-8.0.1.Final.jar:/root/.m2/repository/jakarta/validation/jakarta.validation-api/3.0.2/jakarta.validation-api-3.0.2.jar:/root/.m2/repository/org/jboss/logging/jboss-logging/3.5.3.Final/jboss-logging-3.5.3.Final.jar:/root/.m2/repository/com/fasterxml/classmate/1.6.0/classmate-1.6.0.jar:/root/.m2/repository/org/projectlombok/lombok/1.18.32/lombok-1.18.32.jar:/root/.m2/repository/org/springframework/boot/spring-boot-devtools/3.2.4/spring-boot-devtools-3.2.4.jar:/root/.m2/repository/org/springframework/boot/spring-boot/3.2.4/spring-boot-3.2.4.jar:/root/.m2/repository/org/springframework/boot/spring-boot-autoconfigure/3.2.4/spring-boot-autoconfigure-3.2.4.jar:/root/.m2/repository/org/springframework/boot/spring-boot-starter-oauth2-client/3.2.4/spring-boot-starter-oauth2-client-3.2.4.jar:/root/.m2/repository/org/springframework/security/spring-security-config/6.2.3/spring-security-config-6.2.3.jar:/root/.m2/repository/org/springframework/security/spring-security-core/6.2.3/spring-security-core-6.2.3.jar:/root/.m2/repository/org/springframework/security/spring-security-crypto/6.2.3/spring-security-crypto-6.2.3.jar:/root/.m2/repository/org/springframework/security/spring-security-oauth2-client/6.2.3/spring-security-oauth2-client-6.2.3.jar:/root/.m2/repository/org/springframework/security/spring-security-oauth2-core/6.2.3/spring-security-oauth2-core-6.2.3.jar:/root/.m2/repository/com/nimbusds/oauth2-oidc-sdk/9.43.3/oauth2-oidc-sdk-9.43.3.jar:/root/.m2/repository/com/github/stephenc/jcip/jcip-annotations/1.0-1/jcip-annotations-1.0-1.jar:/root/.m2/repository/com/nimbusds/content-type/2.2/content-type-2.2.jar:/root/.m2/repository/com/nimbusds/lang-tag/1.7/lang-tag-1.7.jar:/root/.m2/repository/org/springframework/security/spring-security-oauth2-jose/6.2.3/spring-security-oauth2-jose-6.2.3.jar:/root/.m2/repository/com/nimbusds/nimbus-jose-jwt/9.37.3/nimbus-jose-jwt-9.37.3.jar:/root/.m2/repository/org/springframework/boot/spring-boot-starter-oauth2-resource-server/3.2.4/spring-boot-starter-oauth2-resource-server-3.2.4.jar:/root/.m2/repository/org/springframework/security/spring-security-oauth2-resource-server/6.2.3/spring-security-oauth2-resource-server-6.2.3.jar:/root/.m2/repository/org/springframework/boot/spring-boot-starter-actuator/3.2.4/spring-boot-starter-actuator-3.2.4.jar:/root/.m2/repository/org/springframework/boot/spring-boot-actuator-autoconfigure/3.2.4/spring-boot-actuator-autoconfigure-3.2.4.jar:/root/.m2/repository/org/springframework/boot/spring-boot-actuator/3.2.4/spring-boot-actuator-3.2.4.jar:/root/.m2/repository/io/micrometer/micrometer-observation/1.12.4/micrometer-observation-1.12.4.jar:/root/.m2/repository/io/micrometer/micrometer-commons/1.12.4/micrometer-commons-1.12.4.jar:/root/.m2/repository/io/micrometer/micrometer-jakarta9/1.12.4/micrometer-jakarta9-1.12.4.jar:/root/.m2/repository/io/micrometer/micrometer-core/1.12.4/micrometer-core-1.12.4.jar:/root/.m2/repository/org/hdrhistogram/HdrHistogram/2.1.12/HdrHistogram-2.1.12.jar:/root/.m2/repository/org/latencyutils/LatencyUtils/2.0.3/LatencyUtils-2.0.3.jar:/root/.m2/repository/org/springframework/boot/spring-boot-docker-compose/3.2.4/spring-boot-docker-compose-3.2.4.jar:/root/.m2/repository/com/fasterxml/jackson/core/jackson-databind/2.15.4/jackson-databind-2.15.4.jar:/root/.m2/repository/com/fasterxml/jackson/core/jackson-annotations/2.15.4/jackson-annotations-2.15.4.jar:/root/.m2/repository/com/fasterxml/jackson/core/jackson-core/2.15.4/jackson-core-2.15.4.jar:/root/.m2/repository/com/fasterxml/jackson/module/jackson-module-parameter-names/2.15.4/jackson-module-parameter-names-2.15.4.jar:/root/.m2/repository/org/springframework/boot/spring-boot-starter-data-jpa/3.2.4/spring-boot-starter-data-jpa-3.2.4.jar:/root/.m2/repository/org/springframework/boot/spring-boot-starter-aop/3.2.4/spring-boot-starter-aop-3.2.4.jar:/root/.m2/repository/org/aspectj/aspectjweaver/1.9.21/aspectjweaver-1.9.21.jar:/root/.m2/repository/org/springframework/boot/spring-boot-starter-jdbc/3.2.4/spring-boot-starter-jdbc-3.2.4.jar:/root/.m2/repository/com/zaxxer/HikariCP/5.0.1/HikariCP-5.0.1.jar:/root/.m2/repository/org/springframework/spring-jdbc/6.1.5/spring-jdbc-6.1.5.jar:/root/.m2/repository/org/hibernate/orm/hibernate-core/6.4.4.Final/hibernate-core-6.4.4.Final.jar:/root/.m2/repository/jakarta/persistence/jakarta.persistence-api/3.1.0/jakarta.persistence-api-3.1.0.jar:/root/.m2/repository/jakarta/transaction/jakarta.transaction-api/2.0.1/jakarta.transaction-api-2.0.1.jar:/root/.m2/repository/org/hibernate/common/hibernate-commons-annotations/6.0.6.Final/hibernate-commons-annotations-6.0.6.Final.jar:/root/.m2/repository/io/smallrye/jandex/3.1.2/jandex-3.1.2.jar:/root/.m2/repository/net/bytebuddy/byte-buddy/1.14.12/byte-buddy-1.14.12.jar:/root/.m2/repository/org/glassfish/jaxb/jaxb-runtime/4.0.5/jaxb-runtime-4.0.5.jar:/root/.m2/repository/org/glassfish/jaxb/jaxb-core/4.0.5/jaxb-core-4.0.5.jar:/root/.m2/repository/org/eclipse/angus/angus-activation/2.0.2/angus-activation-2.0.2.jar:/root/.m2/repository/org/glassfish/jaxb/txw2/4.0.5/txw2-4.0.5.jar:/root/.m2/repository/com/sun/istack/istack-commons-runtime/4.1.2/istack-commons-runtime-4.1.2.jar:/root/.m2/repository/jakarta/inject/jakarta.inject-api/2.0.1/jakarta.inject-api-2.0.1.jar:/root/.m2/repository/org/antlr/antlr4-runtime/4.13.0/antlr4-runtime-4.13.0.jar:/root/.m2/repository/org/springframework/data/spring-data-jpa/3.2.4/spring-data-jpa-3.2.4.jar:/root/.m2/repository/org/springframework/data/spring-data-commons/3.2.4/spring-data-commons-3.2.4.jar:/root/.m2/repository/org/springframework/spring-orm/6.1.5/spring-orm-6.1.5.jar:/root/.m2/repository/org/springframework/spring-tx/6.1.5/spring-tx-6.1.5.jar:/root/.m2/repository/org/slf4j/slf4j-api/2.0.12/slf4j-api-2.0.12.jar:/root/.m2/repository/org/springframework/spring-aspects/6.1.5/spring-aspects-6.1.5.jar:/root/.m2/repository/com/h2database/h2/2.2.224/h2-2.2.224.jar:/root/.m2/repository/org/postgresql/postgresql/42.6.2/postgresql-42.6.2.jar:/root/.m2/repository/org/checkerframework/checker-qual/3.31.0/checker-qual-3.31.0.jar:/root/.m2/repository/org/flywaydb/flyway-core/9.22.3/flyway-core-9.22.3.jar:/root/.m2/repository/com/fasterxml/jackson/dataformat/jackson-dataformat-toml/2.15.4/jackson-dataformat-toml-2.15.4.jar:/root/.m2/repository/com/google/code/gson/gson/2.10.1/gson-2.10.1.jar:/root/.m2/repository/org/apache/poi/poi-ooxml/5.2.5/poi-ooxml-5.2.5.jar:/root/.m2/repository/org/apache/poi/poi/5.2.5/poi-5.2.5.jar:/root/.m2/repository/commons-codec/commons-codec/1.16.1/commons-codec-1.16.1.jar:/root/.m2/repository/org/apache/commons/commons-math3/3.6.1/commons-math3-3.6.1.jar:/root/.m2/repository/com/zaxxer/SparseBitSet/1.3/SparseBitSet-1.3.jar:/root/.m2/repository/org/apache/poi/poi-ooxml-lite/5.2.5/poi-ooxml-lite-5.2.5.jar:/root/.m2/repository/org/apache/xmlbeans/xmlbeans/5.2.0/xmlbeans-5.2.0.jar:/root/.m2/repository/org/apache/commons/commons-compress/1.25.0/commons-compress-1.25.0.jar:/root/.m2/repository/commons-io/commons-io/2.15.0/commons-io-2.15.0.jar:/root/.m2/repository/com/github/virtuald/curvesapi/1.08/curvesapi-1.08.jar:/root/.m2/repository/org/apache/logging/log4j/log4j-api/2.21.1/log4j-api-2.21.1.jar:/root/.m2/repository/org/apache/commons/commons-collections4/4.4/commons-collections4-4.4.jar:/root/.m2/repository/org/springframework/boot/spring-boot-starter-test/3.2.4/spring-boot-starter-test-3.2.4.jar:/root/.m2/repository/org/springframework/boot/spring-boot-test/3.2.4/spring-boot-test-3.2.4.jar:/root/.m2/repository/org/springframework/boot/spring-boot-test-autoconfigure/3.2.4/spring-boot-test-autoconfigure-3.2.4.jar:/root/.m2/repository/com/jayway/jsonpath/json-path/2.9.0/json-path-2.9.0.jar:/root/.m2/repository/jakarta/xml/bind/jakarta.xml.bind-api/4.0.2/jakarta.xml.bind-api-4.0.2.jar:/root/.m2/repository/jakarta/activation/jakarta.activation-api/2.1.3/jakarta.activation-api-2.1.3.jar:/root/.m2/repository/net/minidev/json-smart/2.5.0/json-smart-2.5.0.jar:/root/.m2/repository/net/minidev/accessors-smart/2.5.0/accessors-smart-2.5.0.jar:/root/.m2/repository/org/ow2/asm/asm/9.3/asm-9.3.jar:/root/.m2/repository/org/assertj/assertj-core/3.24.2/assertj-core-3.24.2.jar:/root/.m2/repository/org/awaitility/awaitility/4.2.0/awaitility-4.2.0.jar:/root/.m2/repository/org/hamcrest/hamcrest/2.2/hamcrest-2.2.jar:/root/.m2/repository/org/junit/jupiter/junit-jupiter/5.10.2/junit-jupiter-5.10.2.jar:/root/.m2/repository/org/junit/jupiter/junit-jupiter-api/5.10.2/junit-jupiter-api-5.10.2.jar:/root/.m2/repository/org/opentest4j/opentest4j/1.3.0/opentest4j-1.3.0.jar:/root/.m2/repository/org/junit/platform/junit-platform-commons/1.10.2/junit-platform-commons-1.10.2.jar:/root/.m2/repository/org/apiguardian/apiguardian-api/1.1.2/apiguardian-api-1.1.2.jar:/root/.m2/repository/org/junit/jupiter/junit-jupiter-params/5.10.2/junit-jupiter-params-5.10.2.jar:/root/.m2/repository/org/junit/jupiter/junit-jupiter-engine/5.10.2/junit-jupiter-engine-5.10.2.jar:/root/.m2/repository/org/junit/platform/junit-platform-engine/1.10.2/junit-platform-engine-1.10.2.jar:/root/.m2/repository/org/mockito/mockito-core/5.7.0/mockito-core-5.7.0.jar:/root/.m2/repository/net/bytebuddy/byte-buddy-agent/1.14.12/byte-buddy-agent-1.14.12.jar:/root/.m2/repository/org/objenesis/objenesis/3.3/objenesis-3.3.jar:/root/.m2/repository/org/mockito/mockito-junit-jupiter/5.7.0/mockito-junit-jupiter-5.7.0.jar:/root/.m2/repository/org/skyscreamer/jsonassert/1.5.1/jsonassert-1.5.1.jar:/root/.m2/repository/com/vaadin/external/google/android-json/0.0.20131108.vaadin1/android-json-0.0.20131108.vaadin1.jar:/root/.m2/repository/org/springframework/spring-core/6.1.5/spring-core-6.1.5.jar:/root/.m2/repository/org/springframework/spring-jcl/6.1.5/spring-jcl-6.1.5.jar:/root/.m2/repository/org/springframework/spring-test/6.1.5/spring-test-6.1.5.jar:/root/.m2/repository/org/xmlunit/xmlunit-core/2.9.1/xmlunit-core-2.9.1.jar:/root/.m2/repository/org/springframework/security/spring-security-test/6.2.3/spring-security-test-6.2.3.jar:/root/.m2/repository/org/springframework/security/spring-security-web/6.2.3/spring-security-web-6.2.3.jar:/root/.m2/repository/org/springdoc/springdoc-openapi-starter-webmvc-ui/2.5.0/springdoc-openapi-starter-webmvc-ui-2.5.0.jar:/root/.m2/repository/org/springdoc/springdoc-openapi-starter-webmvc-api/2.5.0/springdoc-openapi-starter-webmvc-api-2.5.0.jar:/root/.m2/repository/org/springdoc/springdoc-openapi-starter-common/2.5.0/springdoc-openapi-starter-common-2.5.0.jar:/root/.m2/repository/io/swagger/core/v3/swagger-core-jakarta/2.2.21/swagger-core-jakarta-2.2.21.jar:/root/.m2/repository/org/apache/commons/commons-lang3/3.13.0/commons-lang3-3.13.0.jar:/root/.m2/repository/io/swagger/core/v3/swagger-annotations-jakarta/2.2.21/swagger-annotations-jakarta-2.2.21.jar:/root/.m2/repository/io/swagger/core/v3/swagger-models-jakarta/2.2.21/swagger-models-jakarta-2.2.21.jar:/root/.m2/repository/org/yaml/snakeyaml/2.2/snakeyaml-2.2.jar:/root/.m2/repository/com/fasterxml/jackson/dataformat/jackson-dataformat-yaml/2.15.4/jackson-dataformat-yaml-2.15.4.jar:/root/.m2/repository/org/webjars/swagger-ui/5.13.0/swagger-ui-5.13.0.jar:"/>
    <property name="java.vm.vendor" value="Eclipse Adoptium"/>
    <property name="sun.arch.data.model" value="64"/>
    <property name="java.vendor.url" value="https://adoptium.net/"/>
    <property name="user.timezone" value="Etc/UTC"/>
    <property name="org.jboss.logging.provider" value="slf4j"/>
    <property name="os.name" value="Linux"/>
    <property name="java.vm.specification.version" value="17"/>
    <property name="sun.java.launcher" value="SUN_STANDARD"/>
    <property name="user.country" value="US"/>
    <property name="sun.boot.library.path" value="/opt/java/openjdk/lib"/>
    <property name="sun.java.command" value="/app/target/surefire/surefirebooter-20240410201530102_3.jar /app/target/surefire 2024-04-10T20-15-30_014-jvmRun1 surefire-20240410201530102_1tmp surefire_0-20240410201530102_2tmp"/>
    <property name="jdk.debug" value="release"/>
    <property name="surefire.test.class.path" value="/app/target/test-classes:/app/target/classes:/root/.m2/repository/org/springframework/boot/spring-boot-starter-web/3.2.4/spring-boot-starter-web-3.2.4.jar:/root/.m2/repository/org/springframework/boot/spring-boot-starter/3.2.4/spring-boot-starter-3.2.4.jar:/root/.m2/repository/org/springframework/boot/spring-boot-starter-logging/3.2.4/spring-boot-starter-logging-3.2.4.jar:/root/.m2/repository/ch/qos/logback/logback-classic/1.4.14/logback-classic-1.4.14.jar:/root/.m2/repository/ch/qos/logback/logback-core/1.4.14/logback-core-1.4.14.jar:/root/.m2/repository/org/apache/logging/log4j/log4j-to-slf4j/2.21.1/log4j-to-slf4j-2.21.1.jar:/root/.m2/repository/org/slf4j/jul-to-slf4j/2.0.12/jul-to-slf4j-2.0.12.jar:/root/.m2/repository/jakarta/annotation/jakarta.annotation-api/2.1.1/jakarta.annotation-api-2.1.1.jar:/root/.m2/repository/org/springframework/boot/spring-boot-starter-json/3.2.4/spring-boot-starter-json-3.2.4.jar:/root/.m2/repository/com/fasterxml/jackson/datatype/jackson-datatype-jdk8/2.15.4/jackson-datatype-jdk8-2.15.4.jar:/root/.m2/repository/com/fasterxml/jackson/datatype/jackson-datatype-jsr310/2.15.4/jackson-datatype-jsr310-2.15.4.jar:/root/.m2/repository/org/springframework/boot/spring-boot-starter-tomcat/3.2.4/spring-boot-starter-tomcat-3.2.4.jar:/root/.m2/repository/org/apache/tomcat/embed/tomcat-embed-core/10.1.19/tomcat-embed-core-10.1.19.jar:/root/.m2/repository/org/apache/tomcat/embed/tomcat-embed-websocket/10.1.19/tomcat-embed-websocket-10.1.19.jar:/root/.m2/repository/org/springframework/spring-web/6.1.5/spring-web-6.1.5.jar:/root/.m2/repository/org/springframework/spring-beans/6.1.5/spring-beans-6.1.5.jar:/root/.m2/repository/org/springframework/spring-webmvc/6.1.5/spring-webmvc-6.1.5.jar:/root/.m2/repository/org/springframework/spring-aop/6.1.5/spring-aop-6.1.5.jar:/root/.m2/repository/org/springframework/spring-context/6.1.5/spring-context-6.1.5.jar:/root/.m2/repository/org/springframework/spring-expression/6.1.5/spring-expression-6.1.5.jar:/root/.m2/repository/org/springframework/boot/spring-boot-starter-validation/3.2.4/spring-boot-starter-validation-3.2.4.jar:/root/.m2/repository/org/apache/tomcat/embed/tomcat-embed-el/10.1.19/tomcat-embed-el-10.1.19.jar:/root/.m2/repository/org/hibernate/validator/hibernate-validator/8.0.1.Final/hibernate-validator-8.0.1.Final.jar:/root/.m2/repository/jakarta/validation/jakarta.validation-api/3.0.2/jakarta.validation-api-3.0.2.jar:/root/.m2/repository/org/jboss/logging/jboss-logging/3.5.3.Final/jboss-logging-3.5.3.Final.jar:/root/.m2/repository/com/fasterxml/classmate/1.6.0/classmate-1.6.0.jar:/root/.m2/repository/org/projectlombok/lombok/1.18.32/lombok-1.18.32.jar:/root/.m2/repository/org/springframework/boot/spring-boot-devtools/3.2.4/spring-boot-devtools-3.2.4.jar:/root/.m2/repository/org/springframework/boot/spring-boot/3.2.4/spring-boot-3.2.4.jar:/root/.m2/repository/org/springframework/boot/spring-boot-autoconfigure/3.2.4/spring-boot-autoconfigure-3.2.4.jar:/root/.m2/repository/org/springframework/boot/spring-boot-starter-oauth2-client/3.2.4/spring-boot-starter-oauth2-client-3.2.4.jar:/root/.m2/repository/org/springframework/security/spring-security-config/6.2.3/spring-security-config-6.2.3.jar:/root/.m2/repository/org/springframework/security/spring-security-core/6.2.3/spring-security-core-6.2.3.jar:/root/.m2/repository/org/springframework/security/spring-security-crypto/6.2.3/spring-security-crypto-6.2.3.jar:/root/.m2/repository/org/springframework/security/spring-security-oauth2-client/6.2.3/spring-security-oauth2-client-6.2.3.jar:/root/.m2/repository/org/springframework/security/spring-security-oauth2-core/6.2.3/spring-security-oauth2-core-6.2.3.jar:/root/.m2/repository/com/nimbusds/oauth2-oidc-sdk/9.43.3/oauth2-oidc-sdk-9.43.3.jar:/root/.m2/repository/com/github/stephenc/jcip/jcip-annotations/1.0-1/jcip-annotations-1.0-1.jar:/root/.m2/repository/com/nimbusds/content-type/2.2/content-type-2.2.jar:/root/.m2/repository/com/nimbusds/lang-tag/1.7/lang-tag-1.7.jar:/root/.m2/repository/org/springframework/security/spring-security-oauth2-jose/6.2.3/spring-security-oauth2-jose-6.2.3.jar:/root/.m2/repository/com/nimbusds/nimbus-jose-jwt/9.37.3/nimbus-jose-jwt-9.37.3.jar:/root/.m2/repository/org/springframework/boot/spring-boot-starter-oauth2-resource-server/3.2.4/spring-boot-starter-oauth2-resource-server-3.2.4.jar:/root/.m2/repository/org/springframework/security/spring-security-oauth2-resource-server/6.2.3/spring-security-oauth2-resource-server-6.2.3.jar:/root/.m2/repository/org/springframework/boot/spring-boot-starter-actuator/3.2.4/spring-boot-starter-actuator-3.2.4.jar:/root/.m2/repository/org/springframework/boot/spring-boot-actuator-autoconfigure/3.2.4/spring-boot-actuator-autoconfigure-3.2.4.jar:/root/.m2/repository/org/springframework/boot/spring-boot-actuator/3.2.4/spring-boot-actuator-3.2.4.jar:/root/.m2/repository/io/micrometer/micrometer-observation/1.12.4/micrometer-observation-1.12.4.jar:/root/.m2/repository/io/micrometer/micrometer-commons/1.12.4/micrometer-commons-1.12.4.jar:/root/.m2/repository/io/micrometer/micrometer-jakarta9/1.12.4/micrometer-jakarta9-1.12.4.jar:/root/.m2/repository/io/micrometer/micrometer-core/1.12.4/micrometer-core-1.12.4.jar:/root/.m2/repository/org/hdrhistogram/HdrHistogram/2.1.12/HdrHistogram-2.1.12.jar:/root/.m2/repository/org/latencyutils/LatencyUtils/2.0.3/LatencyUtils-2.0.3.jar:/root/.m2/repository/org/springframework/boot/spring-boot-docker-compose/3.2.4/spring-boot-docker-compose-3.2.4.jar:/root/.m2/repository/com/fasterxml/jackson/core/jackson-databind/2.15.4/jackson-databind-2.15.4.jar:/root/.m2/repository/com/fasterxml/jackson/core/jackson-annotations/2.15.4/jackson-annotations-2.15.4.jar:/root/.m2/repository/com/fasterxml/jackson/core/jackson-core/2.15.4/jackson-core-2.15.4.jar:/root/.m2/repository/com/fasterxml/jackson/module/jackson-module-parameter-names/2.15.4/jackson-module-parameter-names-2.15.4.jar:/root/.m2/repository/org/springframework/boot/spring-boot-starter-data-jpa/3.2.4/spring-boot-starter-data-jpa-3.2.4.jar:/root/.m2/repository/org/springframework/boot/spring-boot-starter-aop/3.2.4/spring-boot-starter-aop-3.2.4.jar:/root/.m2/repository/org/aspectj/aspectjweaver/1.9.21/aspectjweaver-1.9.21.jar:/root/.m2/repository/org/springframework/boot/spring-boot-starter-jdbc/3.2.4/spring-boot-starter-jdbc-3.2.4.jar:/root/.m2/repository/com/zaxxer/HikariCP/5.0.1/HikariCP-5.0.1.jar:/root/.m2/repository/org/springframework/spring-jdbc/6.1.5/spring-jdbc-6.1.5.jar:/root/.m2/repository/org/hibernate/orm/hibernate-core/6.4.4.Final/hibernate-core-6.4.4.Final.jar:/root/.m2/repository/jakarta/persistence/jakarta.persistence-api/3.1.0/jakarta.persistence-api-3.1.0.jar:/root/.m2/repository/jakarta/transaction/jakarta.transaction-api/2.0.1/jakarta.transaction-api-2.0.1.jar:/root/.m2/repository/org/hibernate/common/hibernate-commons-annotations/6.0.6.Final/hibernate-commons-annotations-6.0.6.Final.jar:/root/.m2/repository/io/smallrye/jandex/3.1.2/jandex-3.1.2.jar:/root/.m2/repository/net/bytebuddy/byte-buddy/1.14.12/byte-buddy-1.14.12.jar:/root/.m2/repository/org/glassfish/jaxb/jaxb-runtime/4.0.5/jaxb-runtime-4.0.5.jar:/root/.m2/repository/org/glassfish/jaxb/jaxb-core/4.0.5/jaxb-core-4.0.5.jar:/root/.m2/repository/org/eclipse/angus/angus-activation/2.0.2/angus-activation-2.0.2.jar:/root/.m2/repository/org/glassfish/jaxb/txw2/4.0.5/txw2-4.0.5.jar:/root/.m2/repository/com/sun/istack/istack-commons-runtime/4.1.2/istack-commons-runtime-4.1.2.jar:/root/.m2/repository/jakarta/inject/jakarta.inject-api/2.0.1/jakarta.inject-api-2.0.1.jar:/root/.m2/repository/org/antlr/antlr4-runtime/4.13.0/antlr4-runtime-4.13.0.jar:/root/.m2/repository/org/springframework/data/spring-data-jpa/3.2.4/spring-data-jpa-3.2.4.jar:/root/.m2/repository/org/springframework/data/spring-data-commons/3.2.4/spring-data-commons-3.2.4.jar:/root/.m2/repository/org/springframework/spring-orm/6.1.5/spring-orm-6.1.5.jar:/root/.m2/repository/org/springframework/spring-tx/6.1.5/spring-tx-6.1.5.jar:/root/.m2/repository/org/slf4j/slf4j-api/2.0.12/slf4j-api-2.0.12.jar:/root/.m2/repository/org/springframework/spring-aspects/6.1.5/spring-aspects-6.1.5.jar:/root/.m2/repository/com/h2database/h2/2.2.224/h2-2.2.224.jar:/root/.m2/repository/org/postgresql/postgresql/42.6.2/postgresql-42.6.2.jar:/root/.m2/repository/org/checkerframework/checker-qual/3.31.0/checker-qual-3.31.0.jar:/root/.m2/repository/org/flywaydb/flyway-core/9.22.3/flyway-core-9.22.3.jar:/root/.m2/repository/com/fasterxml/jackson/dataformat/jackson-dataformat-toml/2.15.4/jackson-dataformat-toml-2.15.4.jar:/root/.m2/repository/com/google/code/gson/gson/2.10.1/gson-2.10.1.jar:/root/.m2/repository/org/apache/poi/poi-ooxml/5.2.5/poi-ooxml-5.2.5.jar:/root/.m2/repository/org/apache/poi/poi/5.2.5/poi-5.2.5.jar:/root/.m2/repository/commons-codec/commons-codec/1.16.1/commons-codec-1.16.1.jar:/root/.m2/repository/org/apache/commons/commons-math3/3.6.1/commons-math3-3.6.1.jar:/root/.m2/repository/com/zaxxer/SparseBitSet/1.3/SparseBitSet-1.3.jar:/root/.m2/repository/org/apache/poi/poi-ooxml-lite/5.2.5/poi-ooxml-lite-5.2.5.jar:/root/.m2/repository/org/apache/xmlbeans/xmlbeans/5.2.0/xmlbeans-5.2.0.jar:/root/.m2/repository/org/apache/commons/commons-compress/1.25.0/commons-compress-1.25.0.jar:/root/.m2/repository/commons-io/commons-io/2.15.0/commons-io-2.15.0.jar:/root/.m2/repository/com/github/virtuald/curvesapi/1.08/curvesapi-1.08.jar:/root/.m2/repository/org/apache/logging/log4j/log4j-api/2.21.1/log4j-api-2.21.1.jar:/root/.m2/repository/org/apache/commons/commons-collections4/4.4/commons-collections4-4.4.jar:/root/.m2/repository/org/springframework/boot/spring-boot-starter-test/3.2.4/spring-boot-starter-test-3.2.4.jar:/root/.m2/repository/org/springframework/boot/spring-boot-test/3.2.4/spring-boot-test-3.2.4.jar:/root/.m2/repository/org/springframework/boot/spring-boot-test-autoconfigure/3.2.4/spring-boot-test-autoconfigure-3.2.4.jar:/root/.m2/repository/com/jayway/jsonpath/json-path/2.9.0/json-path-2.9.0.jar:/root/.m2/repository/jakarta/xml/bind/jakarta.xml.bind-api/4.0.2/jakarta.xml.bind-api-4.0.2.jar:/root/.m2/repository/jakarta/activation/jakarta.activation-api/2.1.3/jakarta.activation-api-2.1.3.jar:/root/.m2/repository/net/minidev/json-smart/2.5.0/json-smart-2.5.0.jar:/root/.m2/repository/net/minidev/accessors-smart/2.5.0/accessors-smart-2.5.0.jar:/root/.m2/repository/org/ow2/asm/asm/9.3/asm-9.3.jar:/root/.m2/repository/org/assertj/assertj-core/3.24.2/assertj-core-3.24.2.jar:/root/.m2/repository/org/awaitility/awaitility/4.2.0/awaitility-4.2.0.jar:/root/.m2/repository/org/hamcrest/hamcrest/2.2/hamcrest-2.2.jar:/root/.m2/repository/org/junit/jupiter/junit-jupiter/5.10.2/junit-jupiter-5.10.2.jar:/root/.m2/repository/org/junit/jupiter/junit-jupiter-api/5.10.2/junit-jupiter-api-5.10.2.jar:/root/.m2/repository/org/opentest4j/opentest4j/1.3.0/opentest4j-1.3.0.jar:/root/.m2/repository/org/junit/platform/junit-platform-commons/1.10.2/junit-platform-commons-1.10.2.jar:/root/.m2/repository/org/apiguardian/apiguardian-api/1.1.2/apiguardian-api-1.1.2.jar:/root/.m2/repository/org/junit/jupiter/junit-jupiter-params/5.10.2/junit-jupiter-params-5.10.2.jar:/root/.m2/repository/org/junit/jupiter/junit-jupiter-engine/5.10.2/junit-jupiter-engine-5.10.2.jar:/root/.m2/repository/org/junit/platform/junit-platform-engine/1.10.2/junit-platform-engine-1.10.2.jar:/root/.m2/repository/org/mockito/mockito-core/5.7.0/mockito-core-5.7.0.jar:/root/.m2/repository/net/bytebuddy/byte-buddy-agent/1.14.12/byte-buddy-agent-1.14.12.jar:/root/.m2/repository/org/objenesis/objenesis/3.3/objenesis-3.3.jar:/root/.m2/repository/org/mockito/mockito-junit-jupiter/5.7.0/mockito-junit-jupiter-5.7.0.jar:/root/.m2/repository/org/skyscreamer/jsonassert/1.5.1/jsonassert-1.5.1.jar:/root/.m2/repository/com/vaadin/external/google/android-json/0.0.20131108.vaadin1/android-json-0.0.20131108.vaadin1.jar:/root/.m2/repository/org/springframework/spring-core/6.1.5/spring-core-6.1.5.jar:/root/.m2/repository/org/springframework/spring-jcl/6.1.5/spring-jcl-6.1.5.jar:/root/.m2/repository/org/springframework/spring-test/6.1.5/spring-test-6.1.5.jar:/root/.m2/repository/org/xmlunit/xmlunit-core/2.9.1/xmlunit-core-2.9.1.jar:/root/.m2/repository/org/springframework/security/spring-security-test/6.2.3/spring-security-test-6.2.3.jar:/root/.m2/repository/org/springframework/security/spring-security-web/6.2.3/spring-security-web-6.2.3.jar:/root/.m2/repository/org/springdoc/springdoc-openapi-starter-webmvc-ui/2.5.0/springdoc-openapi-starter-webmvc-ui-2.5.0.jar:/root/.m2/repository/org/springdoc/springdoc-openapi-starter-webmvc-api/2.5.0/springdoc-openapi-starter-webmvc-api-2.5.0.jar:/root/.m2/repository/org/springdoc/springdoc-openapi-starter-common/2.5.0/springdoc-openapi-starter-common-2.5.0.jar:/root/.m2/repository/io/swagger/core/v3/swagger-core-jakarta/2.2.21/swagger-core-jakarta-2.2.21.jar:/root/.m2/repository/org/apache/commons/commons-lang3/3.13.0/commons-lang3-3.13.0.jar:/root/.m2/repository/io/swagger/core/v3/swagger-annotations-jakarta/2.2.21/swagger-annotations-jakarta-2.2.21.jar:/root/.m2/repository/io/swagger/core/v3/swagger-models-jakarta/2.2.21/swagger-models-jakarta-2.2.21.jar:/root/.m2/repository/org/yaml/snakeyaml/2.2/snakeyaml-2.2.jar:/root/.m2/repository/com/fasterxml/jackson/dataformat/jackson-dataformat-yaml/2.15.4/jackson-dataformat-yaml-2.15.4.jar:/root/.m2/repository/org/webjars/swagger-ui/5.13.0/swagger-ui-5.13.0.jar:"/>
    <property name="sun.cpu.endian" value="little"/>
    <property name="user.home" value="/root"/>
    <property name="user.language" value="en"/>
    <property name="java.specification.vendor" value="Oracle Corporation"/>
    <property name="java.version.date" value="2024-01-16"/>
    <property name="java.home" value="/opt/java/openjdk"/>
    <property name="file.separator" value="/"/>
    <property name="basedir" value="/app"/>
    <property name="java.vm.compressedOopsMode" value="32-bit"/>
    <property name="line.separator" value="&#10;"/>
    <property name="java.vm.specification.vendor" value="Oracle Corporation"/>
    <property name="java.specification.name" value="Java Platform API Specification"/>
    <property name="FILE_LOG_CHARSET" value="UTF-8"/>
    <property name="java.awt.headless" value="true"/>
    <property name="surefire.real.class.path" value="/app/target/surefire/surefirebooter-20240410201530102_3.jar"/>
    <property name="sun.management.compiler" value="HotSpot 64-Bit Tiered Compilers"/>
    <property name="java.runtime.version" value="17.0.10+7"/>
    <property name="user.name" value="root"/>
    <property name="path.separator" value=":"/>
    <property name="os.version" value="6.8.4-200.fc39.x86_64"/>
    <property name="java.runtime.name" value="OpenJDK Runtime Environment"/>
    <property name="file.encoding" value="UTF-8"/>
    <property name="java.vm.name" value="OpenJDK 64-Bit Server VM"/>
    <property name="java.vendor.version" value="Temurin-17.0.10+7"/>
    <property name="localRepository" value="/root/.m2/repository"/>
    <property name="java.vendor.url.bug" value="https://github.com/adoptium/adoptium-support/issues"/>
    <property name="java.io.tmpdir" value="/tmp"/>
    <property name="com.zaxxer.hikari.pool_number" value="1"/>
    <property name="java.version" value="17.0.10"/>
    <property name="user.dir" value="/app"/>
    <property name="os.arch" value="amd64"/>
    <property name="java.vm.specification.name" value="Java Virtual Machine Specification"/>
    <property name="PID" value="2431"/>
    <property name="CONSOLE_LOG_CHARSET" value="UTF-8"/>
    <property name="native.encoding" value="UTF-8"/>
    <property name="java.library.path" value="/usr/java/packages/lib:/usr/lib64:/lib64:/lib:/usr/lib"/>
    <property name="java.vm.info" value="mixed mode, sharing"/>
    <property name="java.vendor" value="Eclipse Adoptium"/>
    <property name="java.vm.version" value="17.0.10+7"/>
    <property name="sun.io.unicode.encoding" value="UnicodeLittle"/>
    <property name="java.class.version" value="61.0"/>
    <property name="LOGGED_APPLICATION_NAME" value="[nr-fsa-service-api-4139] "/>
  </properties>
  <testcase name="create" classname="ca.bc.gov.backendstartapi.repository.seedlot.SmpMixRelationalTest" time="0.02">
    <system-out><![CDATA[2024-04-10 20:15:57.000 &amp#27;[34mINFO &amp#27;[0;39m [&amp#27;[34mmain&amp#27;[0;39m] &amp#27;[33morg.springframework.test.context.support.AnnotationConfigContextLoaderUtils&amp#27;[0;39m: Could not detect default configuration classes for test class [ca.bc.gov.backendstartapi.repository.seedlot.SmpMixRelationalTest]: SmpMixRelationalTest does not declare any static, non-private, non-final, nested classes annotated with @Configuration.
2024-04-10 20:15:57.005 &amp#27;[34mINFO &amp#27;[0;39m [&amp#27;[34mmain&amp#27;[0;39m] &amp#27;[33morg.springframework.boot.test.context.SpringBootTestContextBootstrapper&amp#27;[0;39m: Found @SpringBootConfiguration ca.bc.gov.backendstartapi.BackendStartApiApplication for test class ca.bc.gov.backendstartapi.repository.seedlot.SmpMixRelationalTest
Hibernate: select gce1_0.genetic_class_code,gce1_0.description,gce1_0.effective_date,gce1_0.expiry_date,gce1_0.update_timestamp from genetic_class_list gce1_0 where gce1_0.genetic_class_code=?
Hibernate: insert into genetic_class_list (description,effective_date,expiry_date,update_timestamp,genetic_class_code) values (?,?,?,?,?)
Hibernate: select gwe1_0.genetic_worth_code,gwe1_0.description,gwe1_0.effective_date,gwe1_0.expiry_date,gwe1_0.update_timestamp from genetic_worth_list gwe1_0 where gwe1_0.genetic_worth_code=?
Hibernate: insert into genetic_worth_list (description,effective_date,expiry_date,update_timestamp,genetic_worth_code) values (?,?,?,?,?)
Hibernate: select sse1_0.seedlot_source_code,sse1_0.description,sse1_0.effective_date,sse1_0.expiry_date,sse1_0.default_source_ind,sse1_0.update_timestamp from seedlot_source_list sse1_0 where sse1_0.seedlot_source_code=?
Hibernate: insert into seedlot_source_list (description,effective_date,expiry_date,default_source_ind,update_timestamp,seedlot_source_code) values (?,?,?,?,?,?)
Hibernate: select s1_0.seedlot_number,s1_0.applicant_client_number,s1_0.applicant_email_address,s1_0.applicant_locn_code,s1_0.area_of_use_comment,s1_0.entry_timestamp,s1_0.entry_userid,s1_0.update_timestamp,s1_0.update_userid,s1_0.bec_version_id,s1_0.bgc_subzone_code,s1_0.bgc_zone_code,s1_0.collection_client_number,s1_0.collection_elevation,s1_0.collection_elevation_max,s1_0.collection_elevation_min,s1_0.collection_end_date,s1_0.collection_latitude_code,s1_0.collection_latitude_deg,s1_0.collection_latitude_min,s1_0.collection_latitude_sec,s1_0.collection_locn_code,s1_0.collection_longitude_code,s1_0.collection_longitude_deg,s1_0.collection_longitude_min,s1_0.collection_longitude_sec,s1_0.collection_start_date,s1_0.seedlot_comment,s1_0.vol_per_container,s1_0.declared_timestamp,s1_0.declared_userid,s1_0.effective_pop_size,s1_0.elevation,s1_0.elevation_max,s1_0.elevation_min,s1_0.extractory_client_number,s1_0.extraction_end_date,s1_0.extractory_locn_code,s1_0.extraction_st_date,s1_0.female_gametic_mthd_code,gc1_0.genetic_class_code,gc1_0.description,gc1_0.effective_date,gc1_0.expiry_date,gc1_0.update_timestamp,s1_0.to_be_registrd_ind,s1_0.interm_strg_client_number,s1_0.interm_strg_end_date,s1_0.interm_facility_code,s1_0.interm_strg_locn_code,s1_0.interm_strg_locn,s1_0.interm_strg_st_date,s1_0.latitude_deg_max,s1_0.latitude_deg_min,s1_0.latitude_degrees,s1_0.latitude_min_max,s1_0.latitude_min_min,s1_0.latitude_minutes,s1_0.latitude_sec_max,s1_0.latitude_sec_min,s1_0.latitude_seconds,s1_0.longitude_deg_max,s1_0.longitude_deg_min,s1_0.longitude_degrees,s1_0.longitude_min_max,s1_0.longitude_min_min,s1_0.longitude_minutes,s1_0.longitude_sec_max,s1_0.longitude_sec_min,s1_0.longitude_seconds,s1_0.male_gametic_mthd_code,s1_0.non_orchard_pollen_contam_pct,s1_0.no_of_containers,s1_0.smp_parents_outside,s1_0.contaminant_pollen_bv,s1_0.pollen_contamination_mthd_code,s1_0.pollen_contamination_pct,s1_0.pollen_contamination_ind,s1_0.controlled_cross_ind,s1_0.biotech_processes_ind,s1_0.revision_count,s1_0.seed_plan_unit_id,ss1_0.seedlot_source_code,ss1_0.description,ss1_0.effective_date,ss1_0.expiry_date,ss1_0.default_source_ind,ss1_0.update_timestamp,ss2_0.seedlot_status_code,ss2_0.description,ss2_0.effective_date,ss2_0.expiry_date,ss2_0.update_timestamp,s1_0.smp_mean_bv_growth,s1_0.smp_success_pct,s1_0.bc_source_ind,s1_0.temporary_strg_client_number,s1_0.temporary_strg_locn_code,s1_0.temporary_strg_end_date,s1_0.temporary_strg_start_date,s1_0.clctn_volume,s1_0.total_parent_trees,s1_0.variant,s1_0.vegetation_code from seedlot s1_0 left join genetic_class_list gc1_0 on gc1_0.genetic_class_code=s1_0.genetic_class_code left join seedlot_source_list ss1_0 on ss1_0.seedlot_source_code=s1_0.seedlot_source_code left join seedlot_status_list ss2_0 on ss2_0.seedlot_status_code=s1_0.seedlot_status_code where s1_0.seedlot_number=?
Hibernate: insert into seedlot (applicant_client_number,applicant_email_address,applicant_locn_code,area_of_use_comment,entry_timestamp,entry_userid,update_timestamp,update_userid,bec_version_id,bgc_subzone_code,bgc_zone_code,collection_client_number,collection_elevation,collection_elevation_max,collection_elevation_min,collection_end_date,collection_latitude_code,collection_latitude_deg,collection_latitude_min,collection_latitude_sec,collection_locn_code,collection_longitude_code,collection_longitude_deg,collection_longitude_min,collection_longitude_sec,collection_start_date,seedlot_comment,vol_per_container,declared_timestamp,declared_userid,effective_pop_size,elevation,elevation_max,elevation_min,extractory_client_number,extraction_end_date,extractory_locn_code,extraction_st_date,female_gametic_mthd_code,genetic_class_code,to_be_registrd_ind,interm_strg_client_number,interm_strg_end_date,interm_facility_code,interm_strg_locn_code,interm_strg_locn,interm_strg_st_date,latitude_deg_max,latitude_deg_min,latitude_degrees,latitude_min_max,latitude_min_min,latitude_minutes,latitude_sec_max,latitude_sec_min,latitude_seconds,longitude_deg_max,longitude_deg_min,longitude_degrees,longitude_min_max,longitude_min_min,longitude_minutes,longitude_sec_max,longitude_sec_min,longitude_seconds,male_gametic_mthd_code,non_orchard_pollen_contam_pct,no_of_containers,smp_parents_outside,contaminant_pollen_bv,pollen_contamination_mthd_code,pollen_contamination_pct,pollen_contamination_ind,controlled_cross_ind,biotech_processes_ind,revision_count,seed_plan_unit_id,seedlot_source_code,seedlot_status_code,smp_mean_bv_growth,smp_success_pct,bc_source_ind,temporary_strg_client_number,temporary_strg_locn_code,temporary_strg_end_date,temporary_strg_start_date,clctn_volume,total_parent_trees,variant,vegetation_code,seedlot_number) values (?,?,?,?,?,?,?,?,?,?,?,?,?,?,?,?,?,?,?,?,?,?,?,?,?,?,?,?,?,?,?,?,?,?,?,?,?,?,?,?,?,?,?,?,?,?,?,?,?,?,?,?,?,?,?,?,?,?,?,?,?,?,?,?,?,?,?,?,?,?,?,?,?,?,?,?,?,?,?,?,?,?,?,?,?,?,?,?,?,?,?)
Hibernate: select sm1_0.parent_tree_id,sm1_0.seedlot_number,s1_0.seedlot_number,s1_0.applicant_client_number,s1_0.applicant_email_address,s1_0.applicant_locn_code,s1_0.area_of_use_comment,s1_0.entry_timestamp,s1_0.entry_userid,s1_0.update_timestamp,s1_0.update_userid,s1_0.bec_version_id,s1_0.bgc_subzone_code,s1_0.bgc_zone_code,s1_0.collection_client_number,s1_0.collection_elevation,s1_0.collection_elevation_max,s1_0.collection_elevation_min,s1_0.collection_end_date,s1_0.collection_latitude_code,s1_0.collection_latitude_deg,s1_0.collection_latitude_min,s1_0.collection_latitude_sec,s1_0.collection_locn_code,s1_0.collection_longitude_code,s1_0.collection_longitude_deg,s1_0.collection_longitude_min,s1_0.collection_longitude_sec,s1_0.collection_start_date,s1_0.seedlot_comment,s1_0.vol_per_container,s1_0.declared_timestamp,s1_0.declared_userid,s1_0.effective_pop_size,s1_0.elevation,s1_0.elevation_max,s1_0.elevation_min,s1_0.extractory_client_number,s1_0.extraction_end_date,s1_0.extractory_locn_code,s1_0.extraction_st_date,s1_0.female_gametic_mthd_code,gc1_0.genetic_class_code,gc1_0.description,gc1_0.effective_date,gc1_0.expiry_date,gc1_0.update_timestamp,s1_0.to_be_registrd_ind,s1_0.interm_strg_client_number,s1_0.interm_strg_end_date,s1_0.interm_facility_code,s1_0.interm_strg_locn_code,s1_0.interm_strg_locn,s1_0.interm_strg_st_date,s1_0.latitude_deg_max,s1_0.latitude_deg_min,s1_0.latitude_degrees,s1_0.latitude_min_max,s1_0.latitude_min_min,s1_0.latitude_minutes,s1_0.latitude_sec_max,s1_0.latitude_sec_min,s1_0.latitude_seconds,s1_0.longitude_deg_max,s1_0.longitude_deg_min,s1_0.longitude_degrees,s1_0.longitude_min_max,s1_0.longitude_min_min,s1_0.longitude_minutes,s1_0.longitude_sec_max,s1_0.longitude_sec_min,s1_0.longitude_seconds,s1_0.male_gametic_mthd_code,s1_0.non_orchard_pollen_contam_pct,s1_0.no_of_containers,s1_0.smp_parents_outside,s1_0.contaminant_pollen_bv,s1_0.pollen_contamination_mthd_code,s1_0.pollen_contamination_pct,s1_0.pollen_contamination_ind,s1_0.controlled_cross_ind,s1_0.biotech_processes_ind,s1_0.revision_count,s1_0.seed_plan_unit_id,ss1_0.seedlot_source_code,ss1_0.description,ss1_0.effective_date,ss1_0.expiry_date,ss1_0.default_source_ind,ss1_0.update_timestamp,ss2_0.seedlot_status_code,ss2_0.description,ss2_0.effective_date,ss2_0.expiry_date,ss2_0.update_timestamp,s1_0.smp_mean_bv_growth,s1_0.smp_success_pct,s1_0.bc_source_ind,s1_0.temporary_strg_client_number,s1_0.temporary_strg_locn_code,s1_0.temporary_strg_end_date,s1_0.temporary_strg_start_date,s1_0.clctn_volume,s1_0.total_parent_trees,s1_0.variant,s1_0.vegetation_code,sm1_0.amount_of_material,sm1_0.entry_timestamp,sm1_0.entry_userid,sm1_0.update_timestamp,sm1_0.update_userid,sm1_0.parent_tree_number,sm1_0.proportion,sm1_0.revision_count from smp_mix sm1_0 join seedlot s1_0 on s1_0.seedlot_number=sm1_0.seedlot_number left join genetic_class_list gc1_0 on gc1_0.genetic_class_code=s1_0.genetic_class_code left join seedlot_source_list ss1_0 on ss1_0.seedlot_source_code=s1_0.seedlot_source_code left join seedlot_status_list ss2_0 on ss2_0.seedlot_status_code=s1_0.seedlot_status_code where (sm1_0.parent_tree_id,sm1_0.seedlot_number) in ((?,?))
Hibernate: insert into smp_mix (amount_of_material,entry_timestamp,entry_userid,update_timestamp,update_userid,parent_tree_number,proportion,revision_count,parent_tree_id,seedlot_number) values (?,?,?,?,?,?,?,?,?,?)
]]></system-out>
  </testcase>
</testsuite>